#
# There is insufficient memory for the Java Runtime Environment to continue.
# Native memory allocation (malloc) failed to allocate 32744 bytes for ChunkPool::allocate
# Possible reasons:
#   The system is out of physical RAM or swap space
#   The process is running with CompressedOops enabled, and the Java Heap may be blocking the growth of the native heap
# Possible solutions:
#   Reduce memory load on the system
#   Increase physical memory or swap space
#   Check if swap backing store is full
#   Decrease Java heap size (-Xmx/-Xms)
#   Decrease number of Java threads
#   Decrease Java thread stack sizes (-Xss)
#   Set larger code cache with -XX:ReservedCodeCacheSize=
#   JVM is running with Unscaled Compressed Oops mode in which the Java heap is
#     placed in the first 4GB address space. The Java Heap base address is the
#     maximum limit for the native heap growth. Please use -XX:HeapBaseMinAddress
#     to set the Java Heap base and to place the Java Heap above 4GB virtual address.
# This output file may be truncated or incomplete.
#
#  Out of Memory Error (allocation.cpp:272), pid=4936, tid=0x0000000000001388
#
# JRE version: OpenJDK Runtime Environment (8.0_242-b01) (build 1.8.0_242-release-1644-b01)
# Java VM: OpenJDK 64-Bit Server VM (25.242-b01 mixed mode windows-amd64 compressed oops)
# Failed to write core dump. Minidumps are not enabled by default on client versions of Windows
#

---------------  T H R E A D  ---------------

Current thread (0x0000000057332800):  JavaThread "C2 CompilerThread0" daemon [_thread_in_native, id=5000, stack(0x0000000058530000,0x0000000058630000)]

Stack: [0x0000000058530000,0x0000000058630000]
[error occurred during error reporting (printing stack bounds), id 0xc0000005]

Native frames: (J=compiled Java code, j=interpreted, Vv=VM code, C=native code)


Current CompileTask:
C2:  58856 9840       4       sun.reflect.generics.parser.SignatureParser::parsePackageNameAndSimpleClassTypeSignature (139 bytes)


---------------  P R O C E S S  ---------------

Java Threads: ( => current thread )
  0x000000005a788800 JavaThread "WorkerExecutor Queue Thread 2" [_thread_blocked, id=4008, stack(0x0000000064d00000,0x0000000064e00000)]
  0x000000005df8f800 JavaThread "WorkerExecutor Queue" [_thread_in_vm, id=2144, stack(0x0000000064b20000,0x0000000064c20000)]
  0x000000005a787800 JavaThread "ForkJoinPool.commonPool-worker-0" daemon [_thread_blocked, id=2448, stack(0x00000000648f0000,0x00000000649f0000)]
  0x000000005a787000 JavaThread "ForkJoinPool.commonPool-worker-1" daemon [_thread_blocked, id=2992, stack(0x0000000063f60000,0x0000000064060000)]
  0x000000005df8e800 JavaThread "Cache worker for Java compile cache (C:\Users\ruUreh\AndroidStudioProjects\JamuKu\.gradle\6.1.1\javaCompile)" [_thread_blocked, id=2612, stack(0x00000000640f0000,0x00000000641f0000)]
  0x000000005df8e000 JavaThread "Cache worker for Java compile cache (C:\Users\ruUreh\.gradle\caches\6.1.1\javaCompile)" [_thread_blocked, id=564, stack(0x0000000063e60000,0x0000000063f60000)]
  0x000000005df8d000 JavaThread "Cache worker for execution history cache (C:\Users\ruUreh\AndroidStudioProjects\JamuKu\.gradle\6.1.1\executionHistory)" [_thread_blocked, id=152, stack(0x0000000063a40000,0x0000000063b40000)]
  0x000000005af91000 JavaThread "Execution worker for ':'" [_thread_blocked, id=2208, stack(0x0000000063780000,0x0000000063880000)]
  0x000000005af8f800 JavaThread "Cache worker for file content cache (C:\Users\ruUreh\AndroidStudioProjects\JamuKu\.gradle\6.1.1\fileContent)" [_thread_blocked, id=3852, stack(0x0000000062010000,0x0000000062110000)]
  0x000000005af8e800 JavaThread "Cache worker for file content cache (C:\Users\ruUreh\.gradle\caches\6.1.1\fileContent)" [_thread_blocked, id=1216, stack(0x0000000061e30000,0x0000000061f30000)]
  0x000000005af8e000 JavaThread "Memory manager" [_thread_blocked, id=1188, stack(0x0000000060a70000,0x0000000060b70000)]
  0x000000005af8d000 JavaThread "Cache worker for Build Output Cleanup Cache (C:\Users\ruUreh\AndroidStudioProjects\JamuKu\.gradle\buildOutputCleanup)" [_thread_blocked, id=1324, stack(0x0000000061330000,0x0000000061430000)]
  0x000000005af8b800 JavaThread "Build operations Thread 2" [_thread_blocked, id=2636, stack(0x0000000060d60000,0x0000000060e60000)]
  0x000000005af8a800 JavaThread "Build operations" [_thread_blocked, id=4104, stack(0x0000000060bf0000,0x0000000060cf0000)]
  0x0000000058998000 JavaThread "Cache worker for execution history cache (C:\Users\ruUreh\.gradle\caches\6.1.1\executionHistory)" [_thread_blocked, id=5116, stack(0x000000005e680000,0x000000005e780000)]
  0x0000000058997800 JavaThread "Cache worker for cache directory md-rule (C:\Users\ruUreh\.gradle\caches\6.1.1\md-rule)" [_thread_blocked, id=5112, stack(0x000000005fb30000,0x000000005fc30000)]
  0x0000000058996800 JavaThread "Cache worker for cache directory md-supplier (C:\Users\ruUreh\.gradle\caches\6.1.1\md-supplier)" [_thread_blocked, id=5108, stack(0x000000005e3d0000,0x000000005e4d0000)]
  0x0000000058996000 JavaThread "Cache worker for file hash cache (C:\Users\ruUreh\AndroidStudioProjects\JamuKu\.gradle\6.1.1\fileHashes)" [_thread_blocked, id=5104, stack(0x000000005e7d0000,0x000000005e8d0000)]
  0x0000000058995000 JavaThread "Cache worker for checksums cache (C:\Users\ruUreh\AndroidStudioProjects\JamuKu\.gradle\checksums)" [_thread_blocked, id=5100, stack(0x000000005e580000,0x000000005e680000)]
  0x0000000058994800 JavaThread "Cache worker for file hash cache (C:\Users\ruUreh\.gradle\caches\6.1.1\fileHashes)" [_thread_blocked, id=5096, stack(0x000000005cde0000,0x000000005cee0000)]
  0x0000000058993800 JavaThread "File lock request listener" [_thread_in_native, id=5092, stack(0x000000005cb40000,0x000000005cc40000)]
  0x000000005a022800 JavaThread "Cache worker for journal cache (C:\Users\ruUreh\.gradle\caches\journal-1)" [_thread_blocked, id=5088, stack(0x000000005cc50000,0x000000005cd50000)]
  0x000000005a094000 JavaThread "Thread-9" [_thread_blocked, id=5084, stack(0x000000005c680000,0x000000005c780000)]
  0x000000005a090000 JavaThread "Stdin handler" [_thread_blocked, id=5080, stack(0x000000005c790000,0x000000005c890000)]
  0x000000005a06d000 JavaThread "Asynchronous log dispatcher for DefaultDaemonConnection: socket connection from /127.0.0.1:1216 to /127.0.0.1:1217" [_thread_blocked, id=5076, stack(0x00000000597b0000,0x00000000598b0000)]
  0x000000005a061800 JavaThread "Daemon worker" [_thread_blocked, id=5064, stack(0x000000005c500000,0x000000005c600000)]
  0x0000000058b52000 JavaThread "Cancel handler" [_thread_blocked, id=5060, stack(0x000000005c400000,0x000000005c500000)]
  0x0000000058add800 JavaThread "Handler for socket connection from /127.0.0.1:1216 to /127.0.0.1:1217" [_thread_in_native, id=5056, stack(0x000000005bff0000,0x000000005c0f0000)]
  0x0000000058ad8800 JavaThread "Daemon" [_thread_blocked, id=5052, stack(0x000000005be90000,0x000000005bf90000)]
  0x000000005a031800 JavaThread "Daemon periodic checks" [_thread_blocked, id=5048, stack(0x0000000057d50000,0x0000000057e50000)]
  0x0000000058ae8000 JavaThread "Incoming local TCP Connector on port 1216" [_thread_in_native, id=5044, stack(0x000000005bd70000,0x000000005be70000)]
  0x000000005a8b6000 JavaThread "Daemon health stats" [_thread_blocked, id=5024, stack(0x0000000058d70000,0x0000000058e70000)]
  0x0000000058840800 JavaThread "Service Thread" daemon [_thread_blocked, id=5008, stack(0x0000000058c70000,0x0000000058d70000)]
  0x000000005734b800 JavaThread "C1 CompilerThread1" daemon [_thread_blocked, id=5004, stack(0x0000000058720000,0x0000000058820000)]
=>0x0000000057332800 JavaThread "C2 CompilerThread0" daemon [_thread_in_native, id=5000, stack(0x0000000058530000,0x0000000058630000)]
  0x0000000057330800 JavaThread "Attach Listener" daemon [_thread_blocked, id=4996, stack(0x0000000058390000,0x0000000058490000)]
  0x000000005732f000 JavaThread "Signal Dispatcher" daemon [_thread_blocked, id=4992, stack(0x0000000058280000,0x0000000058380000)]
  0x0000000057308800 JavaThread "Finalizer" daemon [_thread_blocked, id=4988, stack(0x0000000057fd0000,0x00000000580d0000)]
  0x0000000057305000 JavaThread "Reference Handler" daemon [_thread_blocked, id=4984, stack(0x00000000580f0000,0x00000000581f0000)]
  0x000000000224f000 JavaThread "main" [_thread_blocked, id=4968, stack(0x00000000025a0000,0x00000000026a0000)]

Other Threads:
  0x00000000572bd000 VMThread [stack: 0x0000000057e90000,0x0000000057f90000] [id=4980]
  0x000000005738d000 WatcherThread [stack: 0x0000000058eb0000,0x0000000058fb0000] [id=5012]

VM state:not at safepoint (normal execution)

VM Mutex/Monitor currently owned by a thread: None

heap address: 0x0000000080000000, size: 2048 MB, Compressed Oops mode: 32-bit
Narrow klass base: 0x0000000000000000, Narrow klass shift: 0
Compressed class space size: 1073741824 Address: 0x0000000016990000

Heap:
 PSYoungGen      total 271872K, used 163043K [0x00000000d5580000, 0x00000000e7080000, 0x0000000100000000)
  eden space 253952K, 57% used [0x00000000d5580000,0x00000000de33aa58,0x00000000e4d80000)
  from space 17920K, 99% used [0x00000000e4d80000,0x00000000e5efe4e8,0x00000000e5f00000)
  to   space 12288K, 0% used [0x00000000e6480000,0x00000000e6480000,0x00000000e7080000)
 ParOldGen       total 66048K, used 43397K [0x0000000080000000, 0x0000000084080000, 0x00000000d5580000)
  object space 66048K, 65% used [0x0000000080000000,0x0000000082a61600,0x0000000084080000)
 Metaspace       used 71717K, capacity 74694K, committed 74776K, reserved 1114112K
  class space    used 9635K, capacity 10260K, committed 10288K, reserved 1048576K

Card table byte_map: [0x0000000011d30000,0x0000000012140000] byte_map_base: 0x0000000011930000

Marking Bits: (ParMarkBitMap*) 0x000000007012f030
 Begin Bits: [0x0000000012590000, 0x0000000014590000)
 End Bits:   [0x0000000014590000, 0x0000000016590000)

Polling page: 0x0000000000430000

CodeCache: size=245760Kb used=27399Kb max_used=27636Kb free=218360Kb
 bounds [0x0000000002970000, 0x0000000004490000, 0x0000000011970000]
 total_blobs=9432 nmethods=8593 adapters=752
 compilation: enabled

Compilation events (10 events):
Event: 58.521 Thread 0x000000005734b800 9871       3       java.lang.invoke.LambdaFormEditor::bindArgumentType (101 bytes)
Event: 58.522 Thread 0x000000005734b800 nmethod 9871 0x00000000032f8950 code [0x00000000032f8ac0, 0x00000000032f8da8]
Event: 58.522 Thread 0x000000005734b800 9872       3       java.lang.invoke.LambdaFormEditor::bindArgumentForm (268 bytes)
Event: 58.526 Thread 0x000000005734b800 nmethod 9872 0x0000000003edde90 code [0x0000000003ede220, 0x0000000003ee00b8]
Event: 58.639 Thread 0x000000005734b800 9873       3       com.android.tools.r8.graph.d0::<init> (5 bytes)
Event: 58.640 Thread 0x000000005734b800 nmethod 9873 0x0000000003e84090 code [0x0000000003e84200, 0x0000000003e844f0]
Event: 58.640 Thread 0x000000005734b800 9874       3       com.android.tools.r8.graph.e0::computeEquals (45 bytes)
Event: 58.641 Thread 0x000000005734b800 nmethod 9874 0x0000000003e665d0 code [0x0000000003e66760, 0x0000000003e66ba8]
Event: 58.641 Thread 0x000000005734b800 9875       3       com.android.tools.r8.graph.f0::computeEquals (24 bytes)
Event: 58.642 Thread 0x000000005734b800 nmethod 9875 0x0000000003f13c90 code [0x0000000003f13e20, 0x0000000003f14348]

GC Heap History (10 events):
Event: 15.715 GC heap before
{Heap before GC invocations=12 (full 2):
 PSYoungGen      total 207360K, used 8394K [0x00000000d5580000, 0x00000000e3780000, 0x0000000100000000)
  eden space 195072K, 0% used [0x00000000d5580000,0x00000000d5580000,0x00000000e1400000)
  from space 12288K, 68% used [0x00000000e2080000,0x00000000e28b29e8,0x00000000e2c80000)
  to   space 12800K, 0% used [0x00000000e1400000,0x00000000e1400000,0x00000000e2080000)
 ParOldGen       total 27136K, used 16453K [0x0000000080000000, 0x0000000081a80000, 0x00000000d5580000)
  object space 27136K, 60% used [0x0000000080000000,0x0000000081011718,0x0000000081a80000)
 Metaspace       used 34560K, capacity 35398K, committed 35496K, reserved 1079296K
  class space    used 4738K, capacity 4970K, committed 5040K, reserved 1048576K
Event: 16.229 GC heap after
Heap after GC invocations=12 (full 2):
 PSYoungGen      total 207360K, used 0K [0x00000000d5580000, 0x00000000e3780000, 0x0000000100000000)
  eden space 195072K, 0% used [0x00000000d5580000,0x00000000d5580000,0x00000000e1400000)
  from space 12288K, 0% used [0x00000000e2080000,0x00000000e2080000,0x00000000e2c80000)
  to   space 12800K, 0% used [0x00000000e1400000,0x00000000e1400000,0x00000000e2080000)
 ParOldGen       total 36352K, used 15067K [0x0000000080000000, 0x0000000082380000, 0x00000000d5580000)
  object space 36352K, 41% used [0x0000000080000000,0x0000000080eb6c88,0x0000000082380000)
 Metaspace       used 34560K, capacity 35398K, committed 35496K, reserved 1079296K
  class space    used 4738K, capacity 4970K, committed 5040K, reserved 1048576K
}
Event: 24.893 GC heap before
{Heap before GC invocations=13 (full 2):
 PSYoungGen      total 207360K, used 195072K [0x00000000d5580000, 0x00000000e3780000, 0x0000000100000000)
  eden space 195072K, 100% used [0x00000000d5580000,0x00000000e1400000,0x00000000e1400000)
  from space 12288K, 0% used [0x00000000e2080000,0x00000000e2080000,0x00000000e2c80000)
  to   space 12800K, 0% used [0x00000000e1400000,0x00000000e1400000,0x00000000e2080000)
 ParOldGen       total 36352K, used 15067K [0x0000000080000000, 0x0000000082380000, 0x00000000d5580000)
  object space 36352K, 41% used [0x0000000080000000,0x0000000080eb6c88,0x0000000082380000)
 Metaspace       used 50680K, capacity 52374K, committed 52520K, reserved 1095680K
  class space    used 6768K, capacity 7162K, committed 7216K, reserved 1048576K
Event: 25.028 GC heap after
Heap after GC invocations=13 (full 2):
 PSYoungGen      total 207872K, used 12780K [0x00000000d5580000, 0x00000000e7700000, 0x0000000100000000)
  eden space 195072K, 0% used [0x00000000d5580000,0x00000000d5580000,0x00000000e1400000)
  from space 12800K, 99% used [0x00000000e1400000,0x00000000e207b340,0x00000000e2080000)
  to   space 18944K, 0% used [0x00000000e6480000,0x00000000e6480000,0x00000000e7700000)
 ParOldGen       total 36352K, used 25997K [0x0000000080000000, 0x0000000082380000, 0x00000000d5580000)
  object space 36352K, 71% used [0x0000000080000000,0x0000000081963618,0x0000000082380000)
 Metaspace       used 50680K, capacity 52374K, committed 52520K, reserved 1095680K
  class space    used 6768K, capacity 7162K, committed 7216K, reserved 1048576K
}
Event: 28.631 GC heap before
{Heap before GC invocations=14 (full 2):
 PSYoungGen      total 207872K, used 90974K [0x00000000d5580000, 0x00000000e7700000, 0x0000000100000000)
  eden space 195072K, 40% used [0x00000000d5580000,0x00000000da1dc690,0x00000000e1400000)
  from space 12800K, 99% used [0x00000000e1400000,0x00000000e207b340,0x00000000e2080000)
  to   space 18944K, 0% used [0x00000000e6480000,0x00000000e6480000,0x00000000e7700000)
 ParOldGen       total 36352K, used 25997K [0x0000000080000000, 0x0000000082380000, 0x00000000d5580000)
  object space 36352K, 71% used [0x0000000080000000,0x0000000081963618,0x0000000082380000)
 Metaspace       used 57131K, capacity 59056K, committed 59160K, reserved 1099776K
  class space    used 7810K, capacity 8237K, committed 8240K, reserved 1048576K
Event: 28.720 GC heap after
Heap after GC invocations=14 (full 2):
 PSYoungGen      total 266240K, used 8139K [0x00000000d5580000, 0x00000000e7080000, 0x0000000100000000)
  eden space 253952K, 0% used [0x00000000d5580000,0x00000000d5580000,0x00000000e4d80000)
  from space 12288K, 66% used [0x00000000e6480000,0x00000000e6c72ed0,0x00000000e7080000)
  to   space 17920K, 0% used [0x00000000e4d80000,0x00000000e4d80000,0x00000000e5f00000)
 ParOldGen       total 38912K, used 38593K [0x0000000080000000, 0x0000000082600000, 0x00000000d5580000)
  object space 38912K, 99% used [0x0000000080000000,0x00000000825b07e0,0x0000000082600000)
 Metaspace       used 57131K, capacity 59056K, committed 59160K, reserved 1099776K
  class space    used 7810K, capacity 8237K, committed 8240K, reserved 1048576K
}
Event: 28.720 GC heap before
{Heap before GC invocations=15 (full 3):
 PSYoungGen      total 266240K, used 8139K [0x00000000d5580000, 0x00000000e7080000, 0x0000000100000000)
  eden space 253952K, 0% used [0x00000000d5580000,0x00000000d5580000,0x00000000e4d80000)
  from space 12288K, 66% used [0x00000000e6480000,0x00000000e6c72ed0,0x00000000e7080000)
  to   space 17920K, 0% used [0x00000000e4d80000,0x00000000e4d80000,0x00000000e5f00000)
 ParOldGen       total 38912K, used 38593K [0x0000000080000000, 0x0000000082600000, 0x00000000d5580000)
  object space 38912K, 99% used [0x0000000080000000,0x00000000825b07e0,0x0000000082600000)
 Metaspace       used 57131K, capacity 59056K, committed 59160K, reserved 1099776K
  class space    used 7810K, capacity 8237K, committed 8240K, reserved 1048576K
Event: 29.313 GC heap after
Heap after GC invocations=15 (full 3):
 PSYoungGen      total 266240K, used 0K [0x00000000d5580000, 0x00000000e7080000, 0x0000000100000000)
  eden space 253952K, 0% used [0x00000000d5580000,0x00000000d5580000,0x00000000e4d80000)
  from space 12288K, 0% used [0x00000000e6480000,0x00000000e6480000,0x00000000e7080000)
  to   space 17920K, 0% used [0x00000000e4d80000,0x00000000e4d80000,0x00000000e5f00000)
 ParOldGen       total 66048K, used 33094K [0x0000000080000000, 0x0000000084080000, 0x00000000d5580000)
  object space 66048K, 50% used [0x0000000080000000,0x0000000082051be0,0x0000000084080000)
 Metaspace       used 57129K, capacity 59050K, committed 59160K, reserved 1099776K
  class space    used 7809K, capacity 8236K, committed 8240K, reserved 1048576K
}
Event: 45.264 GC heap before
{Heap before GC invocations=16 (full 3):
 PSYoungGen      total 266240K, used 253952K [0x00000000d5580000, 0x00000000e7080000, 0x0000000100000000)
  eden space 253952K, 100% used [0x00000000d5580000,0x00000000e4d80000,0x00000000e4d80000)
  from space 12288K, 0% used [0x00000000e6480000,0x00000000e6480000,0x00000000e7080000)
  to   space 17920K, 0% used [0x00000000e4d80000,0x00000000e4d80000,0x00000000e5f00000)
 ParOldGen       total 66048K, used 33094K [0x0000000080000000, 0x0000000084080000, 0x00000000d5580000)
  object space 66048K, 50% used [0x0000000080000000,0x0000000082051be0,0x0000000084080000)
 Metaspace       used 66772K, capacity 69474K, committed 69656K, reserved 1110016K
  class space    used 9089K, capacity 9661K, committed 9776K, reserved 1048576K
Event: 45.415 GC heap after
Heap after GC invocations=16 (full 3):
 PSYoungGen      total 271872K, used 17913K [0x00000000d5580000, 0x00000000e7080000, 0x0000000100000000)
  eden space 253952K, 0% used [0x00000000d5580000,0x00000000d5580000,0x00000000e4d80000)
  from space 17920K, 99% used [0x00000000e4d80000,0x00000000e5efe4e8,0x00000000e5f00000)
  to   space 12288K, 0% used [0x00000000e6480000,0x00000000e6480000,0x00000000e7080000)
 ParOldGen       total 66048K, used 43397K [0x0000000080000000, 0x0000000084080000, 0x00000000d5580000)
  object space 66048K, 65% used [0x0000000080000000,0x0000000082a61600,0x0000000084080000)
 Metaspace       used 66772K, capacity 69474K, committed 69656K, reserved 1110016K
  class space    used 9089K, capacity 9661K, committed 9776K, reserved 1048576K
}

Deoptimization events (10 events):
Event: 51.466 Thread 0x000000005af91000 Uncommon trap: reason=unstable_if action=reinterpret pc=0x00000000041970c4 method=com.sun.tools.javac.code.Types$SameTypeVisitor.visitClassType(Lcom/sun/tools/javac/code/Type$ClassType;Lcom/sun/tools/javac/code/Type;)Ljava/lang/Boolean; @ 327
Event: 51.923 Thread 0x000000005df8e800 Uncommon trap: reason=unstable_if action=reinterpret pc=0x0000000003376644 method=com.esotericsoftware.kryo.io.Output.writeString(Ljava/lang/CharSequence;)V @ 50
Event: 51.924 Thread 0x000000005df8e800 Uncommon trap: reason=unstable_if action=reinterpret pc=0x0000000002f89f50 method=com.esotericsoftware.kryo.io.Output.require(I)Z @ 10
Event: 52.134 Thread 0x000000005af91000 Uncommon trap: reason=unstable_if action=reinterpret pc=0x0000000002f0846c method=com.google.common.collect.MapMakerInternalMap$Segment.drainKeyReferenceQueue(Ljava/lang/ref/ReferenceQueue;)V @ 8
Event: 55.842 Thread 0x000000005a787000 Uncommon trap: reason=null_check action=make_not_entrant pc=0x000000000438f7c4 method=sun.nio.fs.NativeBuffers.getNativeBufferFromCache(I)Lsun/nio/fs/NativeBuffer; @ 6
Event: 55.859 Thread 0x000000005a787800 Uncommon trap: reason=unstable_if action=reinterpret pc=0x00000000043e58b0 method=java.nio.file.FileTreeWalker.getAttributes(Ljava/nio/file/Path;Z)Ljava/nio/file/attribute/BasicFileAttributes; @ 35
Event: 56.811 Thread 0x000000005a787800 Uncommon trap: reason=unloaded action=reinterpret pc=0x0000000003049ff8 method=org.objectweb.asm.ClassReader.readConst(I[C)Ljava/lang/Object; @ 114
Event: 57.599 Thread 0x000000005af91000 Uncommon trap: reason=unstable_if action=reinterpret pc=0x0000000003ac3e60 method=java.util.concurrent.ConcurrentHashMap.putVal(Ljava/lang/Object;Ljava/lang/Object;Z)Ljava/lang/Object; @ 195
Event: 58.222 Thread 0x000000005df8f800 Uncommon trap: reason=unstable_if action=reinterpret pc=0x000000000322add0 method=sun.nio.fs.WindowsPathParser.isSlash(C)Z @ 9
Event: 58.222 Thread 0x000000005df8f800 Uncommon trap: reason=unstable_if action=reinterpret pc=0x0000000002cec3f8 method=sun.nio.fs.WindowsPathParser.isSlash(C)Z @ 9

Classes redefined (0 events):
No events

Internal exceptions (10 events):
Event: 41.236 Thread 0x000000005af91000 Exception <a 'sun/nio/fs/WindowsException'> (0x00000000e112b960) thrown at [C:\src\AOSP-openjdk-git\hotspot\src\share\vm\prims\jni.cpp, line 710]
Event: 41.236 Thread 0x000000005af91000 Exception <a 'sun/nio/fs/WindowsException'> (0x00000000e112c6a8) thrown at [C:\src\AOSP-openjdk-git\hotspot\src\share\vm\prims\jni.cpp, line 710]
Event: 41.341 Thread 0x000000005af91000 Exception <a 'java/lang/NoSuchMethodError': java.lang.Object.lambda$comparingByKey$bbdbfea9$1(Ljava/util/Map$Entry;Ljava/util/Map$Entry;)I> (0x00000000e1243690) thrown at [C:\src\AOSP-openjdk-git\hotspot\src\share\vm\interpreter\linkResolver.cpp, line 620
Event: 43.912 Thread 0x000000005af91000 Implicit null exception at 0x0000000003aeb962 to 0x0000000003aec145
Event: 52.157 Thread 0x000000005a094000 Exception <a 'java/lang/NoSuchMethodError': <clinit>> (0x00000000d55a2020) thrown at [C:\src\AOSP-openjdk-git\hotspot\src\share\vm\prims\jni.cpp, line 1615]
Event: 52.188 Thread 0x000000005a094000 Exception <a 'java/lang/NoSuchMethodError': <clinit>> (0x00000000d55c4470) thrown at [C:\src\AOSP-openjdk-git\hotspot\src\share\vm\prims\jni.cpp, line 1615]
Event: 55.843 Thread 0x000000005a787800 Exception <a 'sun/nio/fs/WindowsException'> (0x00000000dc66fa60) thrown at [C:\src\AOSP-openjdk-git\hotspot\src\share\vm\prims\jni.cpp, line 710]
Event: 55.862 Thread 0x000000005a787800 Exception <a 'java/lang/NoSuchMethodError': java.lang.Object.lambda$static$0(Ljava/lang/String;)Z> (0x00000000dc6904c8) thrown at [C:\src\AOSP-openjdk-git\hotspot\src\share\vm\interpreter\linkResolver.cpp, line 620]
Event: 57.683 Thread 0x000000005af91000 Exception <a 'java/lang/NoSuchMethodError': <clinit>> (0x00000000dd9ec7a8) thrown at [C:\src\AOSP-openjdk-git\hotspot\src\share\vm\prims\jni.cpp, line 1615]
Event: 58.251 Thread 0x000000005df8f800 Exception <a 'sun/nio/fs/WindowsException'> (0x00000000ddf129a8) thrown at [C:\src\AOSP-openjdk-git\hotspot\src\share\vm\prims\jni.cpp, line 710]

Events (10 events):
Event: 58.792 loading class com/android/tools/r8/graph/E0
Event: 58.792 loading class com/android/tools/r8/graph/E0 done
Event: 58.795 loading class com/android/tools/r8/graph/d
Event: 58.795 loading class com/android/tools/r8/graph/d done
Event: 58.797 loading class com/android/tools/r8/graph/O
Event: 58.797 loading class com/android/tools/r8/graph/O done
Event: 58.797 loading class com/android/tools/r8/graph/c
Event: 58.797 loading class com/android/tools/r8/graph/c done
Event: 58.799 loading class com/android/tools/r8/shaking/AppInfoWithLiveness
Event: 58.799 loading class com/android/tools/r8/shaking/AppInfoWithLiveness done


Dynamic libraries:
0x000000013fcb0000 - 0x000000013fce1000 	C:\Program Files\Android\Android Studio\jre\bin\java.exe
0x00000000773e0000 - 0x000000007757f000 	C:\Windows\SYSTEM32\ntdll.dll
0x00000000771c0000 - 0x00000000772df000 	C:\Windows\system32\kernel32.dll
0x000007fefd680000 - 0x000007fefd6ea000 	C:\Windows\system32\KERNELBASE.dll
0x000007fefefa0000 - 0x000007feff07b000 	C:\Windows\system32\ADVAPI32.dll
0x000007fefea90000 - 0x000007fefeb2f000 	C:\Windows\system32\msvcrt.dll
0x000007feff210000 - 0x000007feff22f000 	C:\Windows\SYSTEM32\sechost.dll
0x000007feff0e0000 - 0x000007feff20c000 	C:\Windows\system32\RPCRT4.dll
0x00000000772e0000 - 0x00000000773da000 	C:\Windows\system32\USER32.dll
0x000007fefe900000 - 0x000007fefe967000 	C:\Windows\system32\GDI32.dll
0x000007fefdab0000 - 0x000007fefdabe000 	C:\Windows\system32\LPK.dll
0x000007feff440000 - 0x000007feff509000 	C:\Windows\system32\USP10.dll
0x000007fefbd20000 - 0x000007fefbf14000 	C:\Windows\WinSxS\amd64_microsoft.windows.common-controls_6595b64144ccf1df_6.0.7601.17514_none_fa396087175ac9ac\COMCTL32.dll
0x000007fefe990000 - 0x000007fefea01000 	C:\Windows\system32\SHLWAPI.dll
0x000007fefea60000 - 0x000007fefea8e000 	C:\Windows\system32\IMM32.DLL
0x000007fefed10000 - 0x000007fefee19000 	C:\Windows\system32\MSCTF.dll
0x000000006ef60000 - 0x000000006f032000 	C:\Program Files\Android\Android Studio\jre\jre\bin\msvcr100.dll
0x000000006f960000 - 0x00000000701ab000 	C:\Program Files\Android\Android Studio\jre\jre\bin\server\jvm.dll
0x000007fef8580000 - 0x000007fef8589000 	C:\Windows\system32\WSOCK32.dll
0x000007fefea10000 - 0x000007fefea5d000 	C:\Windows\system32\WS2_32.dll
0x000007feff640000 - 0x000007feff648000 	C:\Windows\system32\NSI.dll
0x000007fef8670000 - 0x000007fef86ab000 	C:\Windows\system32\WINMM.dll
0x000007fefc500000 - 0x000007fefc50c000 	C:\Windows\system32\VERSION.dll
0x0000000077590000 - 0x0000000077597000 	C:\Windows\system32\PSAPI.DLL
0x000007fefaf90000 - 0x000007fefaf9f000 	C:\Program Files\Android\Android Studio\jre\jre\bin\verify.dll
0x000007fef5820000 - 0x000007fef5849000 	C:\Program Files\Android\Android Studio\jre\jre\bin\java.dll
0x000007fef5a20000 - 0x000007fef5a36000 	C:\Program Files\Android\Android Studio\jre\jre\bin\zip.dll
0x000007fefdac0000 - 0x000007fefe769000 	C:\Windows\system32\SHELL32.dll
0x000007feff230000 - 0x000007feff433000 	C:\Windows\system32\ole32.dll
0x000007fefd3a0000 - 0x000007fefd3af000 	C:\Windows\system32\profapi.dll
0x000007fef59a0000 - 0x000007fef59ba000 	C:\Program Files\Android\Android Studio\jre\jre\bin\net.dll
0x000007fefcb80000 - 0x000007fefcbd5000 	C:\Windows\system32\mswsock.dll
0x000007fefcb70000 - 0x000007fefcb77000 	C:\Windows\System32\wship6.dll
0x000007fef5800000 - 0x000007fef5813000 	C:\Program Files\Android\Android Studio\jre\jre\bin\nio.dll
0x000007fef2a50000 - 0x000007fef2a76000 	C:\Users\ruUreh\.gradle\native\31\windows-amd64\native-platform.dll
0x000007fef8700000 - 0x000007fef8703000 	C:\Windows\system32\api-ms-win-core-synch-l1-2-0.DLL
0x000007fef8510000 - 0x000007fef851d000 	C:\Program Files\Android\Android Studio\jre\jre\bin\management.dll
0x000007fefcbe0000 - 0x000007fefcbf8000 	C:\Windows\system32\CRYPTSP.dll
0x000007fefc8e0000 - 0x000007fefc927000 	C:\Windows\system32\rsaenh.dll
0x000007fefc6e0000 - 0x000007fefc6fe000 	C:\Windows\system32\USERENV.dll
0x000007fefd290000 - 0x000007fefd29f000 	C:\Windows\system32\CRYPTBASE.dll
0x000007fefaa40000 - 0x000007fefaa67000 	C:\Windows\system32\IPHLPAPI.DLL
0x000007fefaa00000 - 0x000007fefaa0b000 	C:\Windows\system32\WINNSI.DLL
0x000007fefa760000 - 0x000007fefa771000 	C:\Windows\system32\dhcpcsvc6.DLL
0x000007fefa740000 - 0x000007fefa758000 	C:\Windows\system32\dhcpcsvc.DLL

VM Arguments:
jvm_args: -Xmx2048m -Dfile.encoding=windows-1252 -Duser.country=US -Duser.language=en -Duser.variant 
java_command: org.gradle.launcher.daemon.bootstrap.GradleDaemon 6.1.1
java_class_path (initial): C:\Users\ruUreh\.gradle\wrapper\dists\gradle-6.1.1-all\cfmwm155h49vnt3hynmlrsdst\gradle-6.1.1\lib\gradle-launcher-6.1.1.jar
Launcher Type: SUN_STANDARD

Environment Variables:
PATH=C:\Perl64\bin;C:\Users\ruUreh\AppData\Roaming\ActiveState\bin;C:\Python27\;C:\Python27\Scripts;C:\Program Files (x86)\Common Files\Oracle\Java\javapath;C:\Program Files (x86)\Common Files\Intel\Shared Files\cpp\bin\Intel64;C:\ProgramData\Oracle\Java\javapath;C:\Windows\system32;C:\Windows;C:\Windows\System32\Wbem;C:\Windows\System32\WindowsPowerShell\v1.0\;C:\Program Files\NetBeans 8.2\bin;C:\Program Files (x86)\Intel\OpenCL SDK\3.0\bin\x86;C:\Program Files (x86)\Intel\OpenCL SDK\3.0\bin\x64;c:\Program Files (x86)\Microsoft SQL Server\100\Tools\Binn\;c:\Program Files\Microsoft SQL Server\100\Tools\Binn\;c:\Program Files\Microsoft SQL Server\100\DTS\Binn\;c:\xampp;C:\metasploit;C:\users\ruureh\downloads;C:\xampp\php;C:\Python27;C:\Python27\Scripts;C:\Program Files\Git\cmd;C:\Program Files\Git;C:\xampp\htdocs\android\secret\git\sqlmap\;C:\Windows\System32\WindowsPowerShell\v1.0\;C:\Users\ruUreh\Desktop\Shell backdoor\curl-7.70.0-win64-mingw\bin;C:\ProgramData\ComposerSetup\bin;C:\Program Files\Java\jdk1.8.0_111\bin;C:\Users\ruUreh\AppData\Local\Programs\Python\Python38;C:\Users\ruUreh\AppData\Local\Programs\Python\Python38\Scripts;C:\Program Files\Go\bin;C:\pentest\steghide;C:\users\ruureh\downloads\platform-tools;C:\Users\ruUreh\AppData\Local\Android\Sdk\build-tools\29.0.3;C:\Users\ruUreh\Desktop\source\pdf\curl-7.75.0-win64-mingw\bin;C:\pentest\johntheripper\run;C:\Users\ruUreh\AppData\Local\Programs\Python\Python38;C:\Program Files\nodejs\;C:\ProgramData\chocolatey\bin;C:\Program Files\7-Zip;C:\Ruby27-x64\bin;C:\Users\ruUreh\AppData\Roaming\Composer\vendor\bin;C:\Program Files\heroku\bin;C:\metasploit-framework\bin;C:\users\ruureh\desktop\source\dex\dex2jar-2.0\;C:\Users\ruUreh\AppData\Local\Programs\Microsoft VS Code\bin;C:\Users\ruUreh\go\bin;C:\Program Files (x86)\Nmap;C:\Users\ruUreh\AppData\Roaming\npm
USERNAME=ruUreh
OS=Windows_NT
PROCESSOR_IDENTIFIER=Intel64 Family 6 Model 42 Stepping 7, GenuineIntel



---------------  S Y S T E M  ---------------

OS: Windows 7 , 64 bit Build 7601 (6.1.7601.24384)

CPU:total 2 (initial active 2) (2 cores per cpu, 1 threads per core) family 6 model 42 stepping 7, cmov, cx8, fxsr, mmx, sse, sse2, sse3, ssse3, sse4.1, sse4.2, popcnt, clmul, tsc, tscinvbit

Memory: 4k page, physical 1978148k(6388k free), swap 3055636k(5056k free)

vm_info: OpenJDK 64-Bit Server VM (25.242-b01) for windows-amd64 JRE (1.8.0_242-release-1644-b01), built by "builder" with MS VC++ 10.0 (VS2010)

time: Thu Jan 01 02:12:13 2009
timezone: SE Asia Standard Time
elapsed time: 58 seconds (0d 0h 0m 58s)

