JvmtiExport can_access_local_variables 0
JvmtiExport can_hotswap_or_post_breakpoint 0
JvmtiExport can_post_on_exceptions 0
# 241 ciObject found
instanceKlass com/android/tools/r8/graph/c
instanceKlass com/android/tools/r8/graph/O
instanceKlass com/android/tools/r8/graph/b0$b
instanceKlass com/android/tools/r8/graph/j0
instanceKlass com/android/tools/r8/graph/F0
instanceKlass com/android/tools/r8/graph/t0
instanceKlass com/android/tools/r8/dex/a$a
instanceKlass com/android/tools/r8/utils/L0$$Lambda$587
instanceKlass com/android/tools/r8/dex/a$b
instanceKlass com/android/tools/r8/graph/b
instanceKlass com/android/tools/r8/utils/H
instanceKlass com/android/tools/r8/graph/y
instanceKlass com/android/tools/r8/graph/y$a
instanceKlass com/android/tools/r8/dex/a
instanceKlass com/android/tools/r8/utils/a1$b
instanceKlass com/android/tools/r8/utils/a1
instanceKlass com/android/tools/r8/D8$$Lambda$586
instanceKlass com/android/tools/r8/utils/W$a
instanceKlass com/android/tools/r8/utils/t
instanceKlass com/android/tools/r8/utils/f0$g$b
instanceKlass com/android/tools/r8/utils/f0$g$a
instanceKlass com/android/tools/r8/utils/c0$a
instanceKlass com/android/tools/r8/utils/c0
instanceKlass com/android/tools/r8/utils/f0$g
instanceKlass com/android/tools/r8/utils/f0$b
instanceKlass com/android/tools/r8/utils/f0$f
instanceKlass com/android/tools/r8/utils/f0$d
instanceKlass com/android/tools/r8/utils/f0$$Lambda$585
instanceKlass com/android/tools/r8/utils/c1
instanceKlass com/android/tools/r8/Version
instanceKlass com/android/tools/r8/references/TypeReference
instanceKlass com/android/tools/r8/utils/f0
instanceKlass com/android/tools/r8/ir/optimize/info/k
instanceKlass com/android/tools/r8/ir/conversion/T
instanceKlass com/android/tools/r8/ir/conversion/M
instanceKlass com/android/tools/r8/D8
instanceKlass com/android/tools/r8/DataResourceProvider
instanceKlass com/android/tools/r8/utils/e$b$a
instanceKlass com/android/tools/r8/u/c/Q
instanceKlass com/android/tools/r8/u/c/m
instanceKlass com/android/tools/r8/y/a$d
instanceKlass com/android/tools/r8/y/a$c
instanceKlass java/util/stream/Sink$ChainedInt
instanceKlass java/util/stream/Sink$OfInt
instanceKlass java/util/function/IntConsumer
instanceKlass com/android/tools/r8/y/a$b$$Lambda$584
instanceKlass java/util/stream/IntPipeline$$Lambda$583
instanceKlass java/lang/invoke/LambdaForm$DMH
instanceKlass java/util/stream/Streams$RangeIntSpliterator
instanceKlass com/android/tools/r8/v/a/a/a/h/d
instanceKlass com/android/tools/r8/y/a$b
instanceKlass com/android/tools/r8/y/a
instanceKlass com/android/tools/r8/s/a/a/a/w
instanceKlass com/android/tools/r8/s/a/a/b/s$$Lambda$582
instanceKlass com/android/tools/r8/graph/W$$Lambda$581
instanceKlass com/android/tools/r8/graph/W$$Lambda$580
instanceKlass com/android/tools/r8/s/a/a/b/s
instanceKlass com/android/tools/r8/s/a/a/b/v$$Lambda$579
instanceKlass com/android/tools/r8/graph/W$$Lambda$578
instanceKlass com/android/tools/r8/s/a/a/b/I$b
instanceKlass com/android/tools/r8/graph/W$$Lambda$577
instanceKlass com/android/tools/r8/graph/W$$Lambda$576
instanceKlass com/android/tools/r8/graph/W$$Lambda$575
instanceKlass java/util/stream/Streams$AbstractStreamBuilderImpl
instanceKlass com/android/tools/r8/utils/J0
instanceKlass com/android/tools/r8/graph/W$p
instanceKlass com/android/tools/r8/graph/W$o
instanceKlass com/android/tools/r8/graph/W$m
instanceKlass com/android/tools/r8/graph/W$c
instanceKlass com/android/tools/r8/graph/W$n
instanceKlass com/android/tools/r8/graph/W$j
instanceKlass com/android/tools/r8/graph/W$g
instanceKlass com/android/tools/r8/graph/W$f
instanceKlass com/android/tools/r8/graph/W$e
instanceKlass com/android/tools/r8/graph/W$b
instanceKlass com/android/tools/r8/graph/W$s
instanceKlass com/android/tools/r8/graph/W$h
instanceKlass com/android/tools/r8/graph/W$i
instanceKlass com/android/tools/r8/graph/W$r
instanceKlass com/android/tools/r8/graph/W$k
instanceKlass com/android/tools/r8/graph/W$l
instanceKlass com/android/tools/r8/graph/W$d
instanceKlass com/android/tools/r8/utils/W
instanceKlass com/android/tools/r8/u/b/h0
instanceKlass com/android/tools/r8/u/b/j1
instanceKlass com/android/tools/r8/u/b/k0
instanceKlass com/android/tools/r8/graph/W$q
instanceKlass com/android/tools/r8/v/a/a/a/c
instanceKlass com/android/tools/r8/v/a/a/a/f/T
instanceKlass com/android/tools/r8/v/a/a/a/h/p0
instanceKlass com/android/tools/r8/v/a/a/a/h/h0
instanceKlass com/android/tools/r8/v/a/a/a/f/z0
instanceKlass com/android/tools/r8/v/a/a/a/f/h0
instanceKlass com/android/tools/r8/v/a/a/a/h/U0
instanceKlass com/android/tools/r8/utils/U0
instanceKlass com/android/tools/r8/utils/x
instanceKlass com/android/tools/r8/ir/analysis/type/u
instanceKlass com/android/tools/r8/v/a/a/a/f/c
instanceKlass com/android/tools/r8/graph/K0
instanceKlass com/android/tools/r8/graph/V
instanceKlass com/android/tools/r8/v/a/a/a/f/S
instanceKlass com/android/tools/r8/v/a/a/a/f/Q
instanceKlass com/android/tools/r8/graph/W
instanceKlass com/android/tools/r8/BaseCommand$Builder$$Lambda$574
instanceKlass com/android/tools/r8/utils/e0
instanceKlass com/android/tools/r8/BaseCommand$Builder$$Lambda$573
instanceKlass com/android/tools/r8/utils/T
instanceKlass com/android/tools/r8/utils/I0
instanceKlass com/android/tools/r8/ProgramResource$ByteResource
instanceKlass com/android/tools/r8/BaseCommand$Builder$$Lambda$572
instanceKlass com/android/builder/dexing/ClassFile
instanceKlass com/android/utils/PathUtils
instanceKlass com/android/builder/dexing/FileBasedClassFileEntry
instanceKlass com/android/builder/dexing/ClassBucketGroupKt
instanceKlass java/util/stream/StreamSpliterators$WrappingSpliterator$$Lambda$571
instanceKlass com/android/builder/dexing/D8DexArchiveBuilder$$Lambda$570
instanceKlass com/android/tools/r8/BaseCompilerCommand$Builder$$Lambda$569
instanceKlass com/android/tools/r8/o
instanceKlass com/android/tools/r8/ProgramResourceProvider
instanceKlass com/android/tools/r8/utils/e$b
instanceKlass com/android/tools/r8/DataResourceProvider$Visitor
instanceKlass com/android/tools/r8/v/a/a/a/h/N
instanceKlass com/android/tools/r8/v/a/a/a/h/I
instanceKlass com/android/tools/r8/v/a/a/a/a
instanceKlass com/android/tools/r8/B/a/a/h
instanceKlass com/android/tools/r8/utils/e
instanceKlass com/android/tools/r8/utils/M0
instanceKlass com/android/tools/r8/ClassFileConsumer$ForwardingConsumer
instanceKlass com/android/tools/r8/ClassFileConsumer
instanceKlass com/android/tools/r8/DexFilePerClassFileConsumer$ForwardingConsumer
instanceKlass com/android/tools/r8/DexFilePerClassFileConsumer
instanceKlass com/android/tools/r8/j
instanceKlass com/android/tools/r8/DataResourceConsumer
instanceKlass com/android/tools/r8/DexIndexedConsumer$ForwardingConsumer
instanceKlass com/android/tools/r8/DexIndexedConsumer
instanceKlass com/android/tools/r8/ByteBufferProvider
instanceKlass com/android/tools/r8/ProgramConsumer
instanceKlass com/android/tools/r8/s/a/a/b/N0
instanceKlass com/android/tools/r8/s/a/a/a/E
instanceKlass com/android/tools/r8/s/a/a/b/B
instanceKlass com/android/tools/r8/BaseCommand$Builder
instanceKlass com/android/tools/r8/b
instanceKlass com/android/tools/r8/BaseCommand
instanceKlass java/util/stream/Streams$2
instanceKlass java/util/stream/Streams
instanceKlass java/util/stream/Streams$ConcatSpliterator
instanceKlass com/android/builder/dexing/DirectoryBasedClassFileInput$$Lambda$568
instanceKlass com/android/builder/dexing/DirectoryBasedClassFileInput$$Lambda$567
instanceKlass com/android/builder/dexing/DirectoryBasedClassFileInput$$Lambda$566
instanceKlass java/nio/file/Files$$Lambda$565
instanceKlass java/nio/file/Files$$Lambda$564
instanceKlass java/nio/file/FileTreeIterator
instanceKlass com/android/builder/dexing/ClassBucket$getClassFiles$1
instanceKlass com/android/builder/dexing/ClassFileEntry
instanceKlass com/android/builder/dexing/DirectoryBasedClassFileInput
instanceKlass sun/nio/fs/WindowsFileSystem$2
instanceKlass java/nio/file/PathMatcher
instanceKlass sun/nio/fs/Globs
instanceKlass com/android/builder/dexing/ClassFileInputs
instanceKlass com/android/builder/dexing/D8DesugarGraphConsumer
instanceKlass com/android/tools/r8/StringConsumer
instanceKlass com/android/builder/dexing/D8DiagnosticsHandler
instanceKlass com/android/tools/r8/DiagnosticsHandler
instanceKlass com/android/builder/dexing/DexParameters
instanceKlass com/android/builder/dexing/DexArchiveBuilder$Companion
instanceKlass com/android/builder/dexing/DexArchiveBuilder
instanceKlass com/android/build/gradle/internal/dexing/DexWorkActionKt$WhenMappings
instanceKlass com/android/build/gradle/internal/dexing/DexWorkActionKt
instanceKlass java/lang/FunctionalInterface
instanceKlass org/gradle/workers/internal/NoIsolationWorkerFactory$1$1
instanceKlass org/gradle/workers/internal/DefaultWorkerServer
instanceKlass org/gradle/api/internal/file/DefaultFileSystemOperations
instanceKlass org/gradle/workers/internal/WorkerPublicServicesBuilder
instanceKlass org/gradle/workers/internal/AdapterWorkParameters$Inject
instanceKlass org/gradle/workers/internal/AbstractWorker$Details
instanceKlass org/gradle/workers/internal/ExecuteWorkItemBuildOperationType$Details
instanceKlass org/gradle/workers/internal/AbstractWorker$1
instanceKlass org/gradle/workers/internal/NoIsolationWorkerFactory$1$$Lambda$563
instanceKlass org/gradle/workers/internal/AbstractWorker$Work
instanceKlass org/gradle/workers/internal/AbstractWorker$Result
instanceKlass org/gradle/workers/internal/ExecuteWorkItemBuildOperationType$Result
instanceKlass org/gradle/workers/internal/WorkerProtocol
instanceKlass org/gradle/workers/internal/AbstractWorker
instanceKlass org/gradle/internal/work/DefaultConditionalExecutionQueue$ExecutionRunner$1
instanceKlass org/gradle/internal/work/DefaultAsyncWorkTracker$3
instanceKlass com/android/build/gradle/internal/tasks/DexArchiveBuilderTaskDelegate$D8DesugaringCacheInfo
instanceKlass org/gradle/internal/work/DefaultConditionalExecutionQueue$ExecutionRunner
instanceKlass org/gradle/workers/internal/DefaultWorkerExecutor$LazyChildWorkerLeaseLock
instanceKlass org/gradle/workers/internal/DefaultWorkerExecutor$$Lambda$562
instanceKlass org/gradle/internal/work/AbstractConditionalExecution
instanceKlass org/gradle/workers/internal/AbstractActionExecutionSpec
instanceKlass org/gradle/workers/internal/AbstractWorkerRequirement
instanceKlass org/gradle/workers/internal/AdapterWorkParameters_Decorated
instanceKlass org/gradle/internal/instantiation/generator/AsmBackedClassGenerator$ClassBuilderImpl$$Lambda$561
instanceKlass org/gradle/workers/internal/AdapterWorkAction
instanceKlass org/gradle/workers/internal/ProvidesWorkResult
instanceKlass org/gradle/workers/internal/DefaultWorkerExecutor$DefaultWorkQueue
instanceKlass org/gradle/workers/ProcessWorkerSpec
instanceKlass org/gradle/workers/ClassLoaderWorkerSpec
instanceKlass org/gradle/workers/internal/DefaultWorkerSpec
instanceKlass org/gradle/workers/internal/DefaultWorkerExecutor$$Lambda$560
instanceKlass org/gradle/workers/internal/DefaultWorkerExecutor$1
instanceKlass org/gradle/workers/internal/DefaultWorkerExecutor$$Lambda$559
instanceKlass org/gradle/process/internal/JvmOptions
instanceKlass org/gradle/process/internal/DefaultProcessForkOptions
instanceKlass org/gradle/process/internal/DefaultJavaDebugOptions
instanceKlass com/android/build/gradle/internal/tasks/DexArchiveBuilderTaskDelegate$convertToDexArchive$3
instanceKlass com/android/build/gradle/internal/dexing/DexWorkAction
instanceKlass com/android/build/gradle/internal/dexing/DexParametersForWorkers$Companion
instanceKlass com/android/build/gradle/internal/dexing/DexParametersForWorkers
instanceKlass com/android/build/gradle/internal/dexing/IncrementalDexSpec$Companion
instanceKlass com/android/build/gradle/internal/dexing/IncrementalDexSpec
instanceKlass com/android/build/gradle/internal/dexing/DexWorkActionParams$Companion
instanceKlass com/android/build/gradle/internal/dexing/DexWorkActionParams
instanceKlass com/android/builder/dexing/ClassBucket$Companion
instanceKlass com/android/builder/dexing/ClassBucket
instanceKlass com/android/build/gradle/internal/tasks/DexOutputs
instanceKlass com/android/builder/dexing/DirectoryBucketGroup$Companion
instanceKlass com/android/builder/dexing/ClassBucketGroup$Companion
instanceKlass com/android/builder/dexing/ClassBucketGroup
instanceKlass kotlin/collections/IntIterator
instanceKlass kotlin/collections/MapWithDefault
instanceKlass com/android/build/gradle/internal/workeractions/WorkerActionServiceRegistry$registerServiceAsCloseable$3
instanceKlass com/android/build/gradle/internal/workeractions/WorkerActionServiceRegistry$registerServiceAsCloseable$2
instanceKlass com/android/build/gradle/internal/workeractions/WorkerActionServiceRegistry$RegisteredService
instanceKlass com/android/build/gradle/internal/tasks/DexArchiveBuilderTaskDelegate$ClasspathServiceKey
instanceKlass com/android/build/gradle/internal/workeractions/WorkerActionServiceRegistry$ServiceKey
instanceKlass com/android/tools/r8/ProgramResource
instanceKlass com/android/tools/r8/DirectoryClassFileProvider
instanceKlass com/android/tools/r8/s/a/a/a/V
instanceKlass com/android/tools/r8/s/a/a/a/J
instanceKlass com/android/tools/r8/s/a/a/a/D
instanceKlass com/android/tools/r8/s/a/a/b/k
instanceKlass com/android/tools/r8/s/a/a/b/P
instanceKlass com/android/tools/r8/s/a/a/b/v
instanceKlass com/android/tools/r8/s/a/a/b/b0$a
instanceKlass com/android/tools/r8/s/a/a/b/M2
instanceKlass com/android/tools/r8/s/a/a/b/p
instanceKlass com/android/tools/r8/s/a/a/b/b0
instanceKlass com/android/tools/r8/x/b/a/m0
instanceKlass com/android/tools/r8/utils/P
instanceKlass com/android/tools/r8/DataResource
instanceKlass com/android/tools/r8/Resource
instanceKlass com/android/tools/r8/utils/d1
instanceKlass com/android/tools/r8/Diagnostic
instanceKlass com/android/tools/r8/utils/Y
instanceKlass com/android/tools/r8/ArchiveClassFileProvider$$Lambda$558
instanceKlass com/android/tools/r8/origin/Origin
instanceKlass com/android/tools/r8/ArchiveClassFileProvider
instanceKlass com/android/builder/dexing/r8/ClassFileProviderFactory$OrderedClassFileResourceProvider$$Lambda$557
instanceKlass com/android/builder/dexing/r8/ClassFileProviderFactory$OrderedClassFileResourceProvider
instanceKlass com/android/tools/r8/ClassFileResourceProvider
instanceKlass com/android/builder/dexing/r8/ClassFileProviderFactory
instanceKlass com/google/common/io/Closer$SuppressingSuppressor
instanceKlass com/google/common/io/Closer$Suppressor
instanceKlass com/google/common/io/Closer
instanceKlass com/android/builder/desugaring/TypeDependencies$$Lambda$556
instanceKlass org/objectweb/asm/FieldVisitor
instanceKlass org/objectweb/asm/ConstantDynamic
instanceKlass org/objectweb/asm/Type
instanceKlass com/android/builder/desugaring/DesugaringData
instanceKlass org/objectweb/asm/Label
instanceKlass org/objectweb/asm/Context
instanceKlass org/objectweb/asm/Attribute
instanceKlass org/objectweb/asm/MethodVisitor
instanceKlass org/objectweb/asm/ClassReader
instanceKlass com/android/builder/dexing/ClassFileInput$$Lambda$555
instanceKlass com/android/builder/utils/ZipEntryUtils
instanceKlass com/android/builder/dexing/ClassFileInput
instanceKlass java/util/zip/ZipFile$ZipEntryIterator
instanceKlass java/nio/file/SimpleFileVisitor
instanceKlass org/objectweb/asm/ClassVisitor
instanceKlass com/android/builder/desugaring/DesugaringClassAnalyzer
instanceKlass com/android/build/gradle/internal/tasks/DesugarIncrementalHelper$$Lambda$554
instanceKlass com/google/common/collect/TransformedIterator
instanceKlass com/google/common/collect/Iterators$ConcatenatedIterator
instanceKlass com/android/builder/desugaring/TypePaths
instanceKlass com/android/builder/desugaring/TypeDependencies
instanceKlass com/android/build/gradle/internal/tasks/DesugarIncrementalHelper$$Lambda$553
instanceKlass com/android/build/gradle/internal/tasks/DesugarIncrementalHelper$$Lambda$552
instanceKlass com/android/build/gradle/internal/tasks/DexArchiveBuilderTaskDelegateKt
instanceKlass com/android/build/gradle/internal/tasks/DesugarIncrementalHelper$$Lambda$551
instanceKlass com/android/builder/desugaring/DesugaringGraph
instanceKlass com/android/builder/desugaring/DesugaringGraphs
instanceKlass com/android/build/gradle/internal/tasks/DesugarIncrementalHelper$$Lambda$550
instanceKlass com/android/build/gradle/internal/tasks/DesugarIncrementalHelper$$Lambda$549
instanceKlass com/android/build/gradle/internal/tasks/DesugarIncrementalHelper$$Lambda$548
instanceKlass com/android/build/gradle/internal/tasks/DexArchiveBuilderTaskDelegate$desugarIncrementalHelper$1
instanceKlass com/google/common/base/Optional
instanceKlass com/android/build/gradle/internal/tasks/DesugarIncrementalHelper
instanceKlass com/android/ide/common/internal/WaitableExecutor
instanceKlass com/android/build/gradle/internal/tasks/DexArchiveBuilderTaskDelegate$Companion
instanceKlass com/android/build/gradle/internal/tasks/DexArchiveBuilderTaskDelegate
instanceKlass org/gradle/internal/work/DefaultConditionalExecutionQueue
instanceKlass org/gradle/workers/WorkParameters$None
instanceKlass org/gradle/workers/WorkAction
instanceKlass org/gradle/workers/WorkQueue
instanceKlass org/gradle/workers/internal/AdapterWorkParameters
instanceKlass org/gradle/workers/WorkerConfiguration
instanceKlass org/gradle/workers/ForkingWorkerSpec
instanceKlass org/gradle/workers/WorkParameters
instanceKlass org/gradle/workers/internal/WorkerSpecInternal
instanceKlass org/gradle/workers/internal/WorkerRequirement
instanceKlass org/gradle/workers/WorkerSpec
instanceKlass org/gradle/internal/work/AsyncWorkCompletion
instanceKlass org/gradle/internal/work/ConditionalExecution
instanceKlass org/gradle/workers/internal/DefaultWorkerExecutor
instanceKlass org/gradle/workers/internal/NoIsolationWorkerFactory
instanceKlass org/gradle/internal/work/DefaultConditionalExecutionQueueFactory
instanceKlass org/gradle/workers/internal/ClassLoaderStructure
instanceKlass com/android/build/gradle/internal/tasks/DexArchiveBuilderCacheHandler
instanceKlass com/android/build/gradle/internal/dexing/DxDexParameters$Companion
instanceKlass javax/management/MBeanServerInvocationHandler
instanceKlass com/android/ide/common/workers/GradlePluginMBeans
instanceKlass com/android/build/gradle/internal/tasks/Blocks
instanceKlass com/android/build/gradle/internal/tasks/NewIncrementalTask$taskAction$$inlined$recordTaskAction$1
instanceKlass com/android/build/gradle/internal/tasks/Blocks$ThrowingBlockWithReturn
instanceKlass org/gradle/internal/execution/history/changes/ClasspathCompareStrategy$ChangeState
instanceKlass org/gradle/internal/execution/history/changes/ClasspathCompareStrategy$TrackingVisitor
instanceKlass org/gradle/execution/plan/LocalTaskNode$1$$Lambda$547
instanceKlass com/android/build/gradle/internal/dependency/BaseDexingTransform$Parameters$Inject
instanceKlass com/google/common/collect/ImmutableList$SerializedForm
instanceKlass org/gradle/api/internal/tasks/compile/tooling/JavaCompileTaskSuccessResultPostProcessor$1
instanceKlass org/gradle/internal/build/event/types/DefaultAnnotationProcessorResult
instanceKlass org/gradle/internal/execution/steps/SkipUpToDateStep$2
instanceKlass org/gradle/internal/execution/history/impl/DefaultOutputFilesRepository$1
instanceKlass com/google/common/collect/Maps$9
instanceKlass org/gradle/internal/execution/history/impl/DefaultExecutionHistoryStore$$Lambda$546
instanceKlass org/gradle/internal/execution/steps/StoreExecutionStateStep$$Lambda$545
instanceKlass org/gradle/internal/execution/steps/StoreExecutionStateStep$$Lambda$544
instanceKlass org/gradle/internal/execution/steps/SnapshotOutputsStep$1
instanceKlass org/gradle/internal/execution/steps/SnapshotOutputsStep$Operation$Result$1
instanceKlass org/gradle/internal/execution/steps/SnapshotOutputsStep$Operation$Result
instanceKlass java/lang/invoke/LambdaForm$MH
instanceKlass java/lang/invoke/LambdaForm$DMH
instanceKlass java/lang/invoke/LambdaForm$DMH
instanceKlass org/gradle/api/internal/tasks/execution/ExecuteActionsTaskExecuter$TaskExecution$$Lambda$543
instanceKlass java/lang/invoke/LambdaForm$DMH
instanceKlass org/gradle/internal/execution/steps/SnapshotOutputsStep$$Lambda$542
instanceKlass org/gradle/internal/execution/steps/SnapshotOutputsStep$$Lambda$541
instanceKlass org/gradle/internal/execution/steps/SnapshotOutputsStep$$Lambda$540
instanceKlass org/gradle/internal/execution/steps/SnapshotOutputsStep$Operation$Details$1
instanceKlass org/gradle/internal/execution/steps/SnapshotOutputsStep$Operation$Details
instanceKlass org/gradle/internal/execution/steps/SnapshotOutputsStep$$Lambda$539
instanceKlass org/gradle/internal/execution/steps/ExecuteStep$$Lambda$538
instanceKlass org/gradle/internal/execution/steps/ExecuteStep$$Lambda$537
instanceKlass org/gradle/internal/execution/steps/ExecuteStep$1
instanceKlass org/gradle/api/internal/tasks/compile/CompileJavaBuildOperationReportingCompiler$Result
instanceKlass org/gradle/api/internal/tasks/compile/CompileJavaBuildOperationReportingCompiler$DefaultAnnotationProcessorDetails
instanceKlass org/gradle/api/internal/tasks/compile/CompileJavaBuildOperationType$Result$AnnotationProcessorDetails
instanceKlass org/gradle/api/internal/tasks/compile/incremental/RecompilationNotNecessary
instanceKlass org/gradle/api/internal/tasks/compile/incremental/recomp/IncrementalCompilationResult
instanceKlass org/gradle/api/tasks/WorkResults$$Lambda$536
instanceKlass org/gradle/api/tasks/WorkResults$$Lambda$535
instanceKlass java/lang/invoke/LambdaForm$DMH
instanceKlass java/lang/invoke/LambdaForm$DMH
instanceKlass org/gradle/api/tasks/WorkResults
instanceKlass java/util/WeakHashMap$HashIterator
instanceKlass com/sun/tools/javac/util/AbstractDiagnosticFormatter$2
instanceKlass com/sun/tools/javac/util/RichDiagnosticFormatter$ClassNameSimplifier
instanceKlass com/sun/tools/javac/util/Log$2
instanceKlass com/sun/tools/javac/jvm/ClassFile$NameAndType
instanceKlass com/sun/tools/javac/jvm/ClassWriter$1
instanceKlass javax/tools/StandardLocation$2
instanceKlass com/sun/tools/javac/jvm/ClassWriter$StackMapTableFrame
instanceKlass com/sun/tools/javac/jvm/Code$StackMapFrame
instanceKlass com/sun/tools/javac/jvm/Code$Chain
instanceKlass com/sun/tools/javac/model/FilteredMemberList$1
instanceKlass com/sun/tools/javac/code/Types$UniqueType
instanceKlass com/sun/tools/javac/jvm/Code$LocalVar$Range
instanceKlass com/sun/tools/javac/jvm/Items
instanceKlass com/sun/tools/javac/jvm/Code$LocalVar
instanceKlass com/sun/tools/javac/jvm/Code$State
instanceKlass com/sun/tools/javac/jvm/Gen$GenContext
instanceKlass com/sun/tools/javac/jvm/Gen$3
instanceKlass com/sun/tools/javac/comp/Lower$7
instanceKlass com/sun/tools/javac/tree/TreeMaker$1
instanceKlass com/sun/tools/javac/comp/Flow$2
instanceKlass com/sun/tools/javac/util/Bits$1
instanceKlass com/sun/tools/javac/util/Bits
instanceKlass com/sun/tools/javac/comp/Flow$BaseAnalyzer$PendingExit
instanceKlass com/sun/tools/javac/comp/Check$2
instanceKlass com/sun/tools/javac/tree/Pretty$1
instanceKlass com/sun/tools/javac/code/Kinds$1
instanceKlass com/sun/tools/javac/code/Kinds
instanceKlass com/sun/tools/javac/code/Types$DescriptorFilter
instanceKlass com/sun/tools/javac/code/Types$TypePair
instanceKlass com/sun/tools/javac/comp/Infer$InferenceContext$4
instanceKlass com/sun/tools/javac/comp/Infer$IncorporationBinaryOp
instanceKlass com/sun/tools/javac/code/Type$UndetVar$2
instanceKlass com/sun/tools/javac/util/GraphUtils$Tarjan
instanceKlass com/sun/tools/javac/util/GraphUtils
instanceKlass com/sun/tools/javac/util/GraphUtils$DependencyKind
instanceKlass com/sun/tools/javac/util/GraphUtils$Node
instanceKlass com/sun/tools/javac/comp/Infer$InferenceContext$2
instanceKlass com/sun/tools/javac/comp/Infer$GraphSolver$InferenceGraph
instanceKlass com/sun/tools/javac/comp/Infer$BoundFilter
instanceKlass com/sun/tools/javac/comp/Infer$MultiUndetVarListener
instanceKlass com/sun/tools/javac/comp/Infer$GraphSolver
instanceKlass com/sun/tools/javac/comp/Infer$LeafSolver
instanceKlass com/sun/tools/javac/code/Type$UndetVar$UndetVarListener
instanceKlass com/sun/tools/javac/comp/DeferredAttr$5
instanceKlass com/sun/tools/javac/tree/TreeCopier
instanceKlass com/sun/tools/javac/comp/DeferredAttr$6
instanceKlass com/sun/tools/javac/comp/Resolve$MostSpecificCheck
instanceKlass com/sun/tools/javac/comp/Resolve$MethodCheckContext
instanceKlass com/sun/tools/javac/code/Flags
instanceKlass com/sun/tools/javac/comp/DeferredAttr$DeferredChecker$3
instanceKlass com/sun/tools/javac/comp/DeferredAttr$DeferredChecker$1
instanceKlass com/sun/tools/javac/comp/DeferredAttr$FilterScanner$1
instanceKlass com/sun/tools/javac/comp/DeferredAttr$MethodAnalyzer
instanceKlass com/sun/tools/javac/comp/Resolve$MethodResolutionContext$Candidate
instanceKlass com/sun/tools/javac/comp/Resolve$LookupFilter
instanceKlass com/sun/tools/javac/comp/Resolve$5$1
instanceKlass com/sun/tools/javac/comp/Resolve$5
instanceKlass com/sun/tools/javac/comp/Resolve$MethodResolutionContext
instanceKlass com/sun/tools/javac/code/Scope$4$1
instanceKlass com/sun/tools/javac/code/Scope$4
instanceKlass com/sun/tools/javac/comp/Check$$Lambda$534
instanceKlass com/sun/tools/javac/code/Scope$CompoundScope$2
instanceKlass com/sun/tools/javac/comp/Check$ClashFilter
instanceKlass com/sun/tools/javac/code/Types$ImplementationCache$Entry
instanceKlass com/sun/tools/javac/code/Types$MethodFilter
instanceKlass com/sun/tools/javac/code/Scope$3$1
instanceKlass com/sun/tools/javac/code/Scope$3
instanceKlass com/sun/tools/javac/code/Scope$CompoundScope$CompoundScopeIterator
instanceKlass com/sun/tools/javac/code/Scope$CompoundScope$1
instanceKlass com/sun/tools/javac/comp/Check$DefaultMethodClashFilter
instanceKlass com/sun/tools/javac/main/JavaCompiler$2
instanceKlass com/sun/tools/javac/processing/JavacProcessingEnvironment$ServiceIterator
instanceKlass com/sun/source/util/Trees
instanceKlass javax/annotation/processing/SupportedOptions
instanceKlass org/gradle/api/internal/tasks/compile/processing/TimeTrackingProcessor$1
instanceKlass com/bumptech/glide/annotation/GlideExtension
instanceKlass com/bumptech/glide/annotation/GlideModule
instanceKlass org/gradle/api/internal/tasks/compile/processing/TimeTrackingProcessor$2
instanceKlass com/sun/tools/javac/code/Source$1
instanceKlass org/gradle/api/internal/tasks/compile/processing/TimeTrackingProcessor$3
instanceKlass com/bumptech/glide/annotation/compiler/GlideExtensionValidator
instanceKlass com/bumptech/glide/annotation/compiler/ExtensionProcessor
instanceKlass com/bumptech/glide/repackaged/com/google/common/collect/Hashing
instanceKlass com/bumptech/glide/repackaged/com/google/common/collect/ObjectArrays
instanceKlass com/bumptech/glide/annotation/compiler/RequestBuilderGenerator
instanceKlass com/bumptech/glide/annotation/compiler/GlideGenerator
instanceKlass com/bumptech/glide/annotation/compiler/RequestManagerFactoryGenerator
instanceKlass com/bumptech/glide/annotation/compiler/RequestManagerGenerator
instanceKlass com/bumptech/glide/annotation/compiler/RequestOptionsOverrideGenerator
instanceKlass com/bumptech/glide/annotation/compiler/RequestOptionsGenerator
instanceKlass com/bumptech/glide/annotation/compiler/AppModuleGenerator
instanceKlass com/bumptech/glide/annotation/compiler/AppModuleProcessor
instanceKlass com/bumptech/glide/annotation/compiler/LibraryModuleProcessor
instanceKlass com/bumptech/glide/annotation/compiler/IndexerGenerator
instanceKlass com/bumptech/glide/repackaged/com/squareup/javapoet/Util
instanceKlass javax/lang/model/type/TypeVisitor
instanceKlass com/bumptech/glide/repackaged/com/squareup/javapoet/TypeName
instanceKlass com/bumptech/glide/repackaged/com/google/common/base/Function
instanceKlass com/bumptech/glide/repackaged/com/google/common/base/Predicate
instanceKlass com/bumptech/glide/annotation/compiler/ProcessorUtil
instanceKlass org/gradle/api/internal/tasks/compile/processing/IncrementalProcessingEnvironment
instanceKlass org/gradle/api/internal/tasks/compile/processing/IncrementalFiler
instanceKlass org/gradle/api/internal/tasks/compile/processing/TimeTrackingProcessor$4
instanceKlass com/sun/tools/javac/processing/JavacProcessingEnvironment$ProcessorState
instanceKlass com/sun/tools/javac/processing/JavacRoundEnvironment
instanceKlass javax/lang/model/util/AbstractElementVisitor6
instanceKlass javax/lang/model/element/ElementVisitor
instanceKlass com/sun/tools/javac/processing/JavacProcessingEnvironment$Round
instanceKlass com/sun/tools/javac/code/TypeAnnotations$3
instanceKlass com/sun/tools/javac/code/TypeAnnotationPosition
instanceKlass com/sun/tools/javac/comp/Annotate$AnnotateRepeatedContext
instanceKlass com/sun/tools/javac/code/Types$27
instanceKlass com/sun/tools/javac/code/TypeAnnotations$2
instanceKlass com/sun/tools/javac/code/TypeAnnotations$1
instanceKlass com/sun/tools/javac/comp/MemberEnter$6
instanceKlass com/sun/tools/javac/comp/MemberEnter$5
instanceKlass com/sun/tools/javac/code/SymbolMetadata
instanceKlass com/sun/tools/javac/comp/Check$7
instanceKlass com/sun/tools/javac/util/Pair
instanceKlass com/sun/tools/javac/jvm/ClassReader$ParameterAnnotations
instanceKlass com/sun/tools/javac/jvm/ClassReader$AnnotationDeproxy
instanceKlass com/sun/tools/javac/jvm/ClassReader$ProxyVisitor
instanceKlass com/sun/tools/javac/jvm/Code$1
instanceKlass com/sun/tools/javac/jvm/Code
instanceKlass com/sun/tools/javac/code/Scope$1
instanceKlass com/sun/tools/javac/comp/Attr$15
instanceKlass com/sun/tools/javac/comp/AttrContext
instanceKlass com/sun/tools/javac/api/ClientCodeWrapper$WrappedFileObject
instanceKlass com/sun/tools/javac/jvm/ClassReader$25
instanceKlass com/sun/tools/javac/file/ZipFileIndex$Entry
instanceKlass com/sun/tools/javac/file/ZipFileIndex$DirectoryEntry
instanceKlass com/sun/tools/javac/file/ZipFileIndex$ZipDirectory
instanceKlass com/sun/tools/javac/file/ZipFileIndex
instanceKlass com/sun/tools/javac/file/ZipFileIndexArchive
instanceKlass com/sun/tools/javac/util/Position$LineMapImpl
instanceKlass com/sun/tools/javac/util/Position$LineMap
instanceKlass com/sun/tools/javac/util/Position
instanceKlass com/sun/tools/javac/parser/JavaTokenizer$BasicComment
instanceKlass com/sun/tools/javac/tree/TreeInfo$2
instanceKlass com/sun/tools/javac/parser/JavacParser$2
instanceKlass com/sun/tools/javac/util/IntHashTable
instanceKlass com/sun/tools/javac/parser/LazyDocCommentTable
instanceKlass com/sun/tools/javac/parser/JavaTokenizer$1
instanceKlass com/sun/tools/javac/util/ArrayUtils
instanceKlass com/sun/tools/javac/parser/JavacParser$1
instanceKlass com/sun/tools/javac/parser/JavacParser$AbstractEndPosTable
instanceKlass com/sun/tools/javac/tree/DocCommentTable
instanceKlass com/sun/tools/javac/parser/JavacParser$ErrorRecoveryAction
instanceKlass com/sun/tools/javac/tree/EndPosTable
instanceKlass com/sun/tools/javac/parser/JavacParser
instanceKlass com/sun/tools/javac/parser/UnicodeReader
instanceKlass sun/misc/FloatingDecimal$HexFloatPattern
instanceKlass com/sun/tools/javac/parser/Tokens$Comment
instanceKlass com/sun/tools/javac/parser/Scanner
instanceKlass com/sun/source/tree/LineMap
instanceKlass com/sun/tools/javac/util/BaseFileManager$ContentCacheEntry
instanceKlass com/sun/tools/javac/util/DiagnosticSource
instanceKlass com/sun/tools/javac/processing/JavacProcessingEnvironment$DiscoveredProcessors$ProcessorStateIterator
instanceKlass com/sun/tools/javac/processing/JavacProcessingEnvironment$DiscoveredProcessors
instanceKlass com/sun/tools/javac/util/StringUtils
instanceKlass com/sun/tools/javac/file/Locations$1
instanceKlass com/sun/tools/javac/util/ListBuffer$1
instanceKlass com/sun/tools/javac/model/JavacTypes
instanceKlass com/sun/tools/javac/model/JavacElements
instanceKlass com/sun/tools/javac/processing/JavacMessager
instanceKlass com/sun/tools/javac/processing/JavacFiler
instanceKlass javax/annotation/processing/Filer
instanceKlass javax/annotation/processing/Messager
instanceKlass javax/annotation/processing/RoundEnvironment
instanceKlass com/sun/tools/javac/processing/JavacProcessingEnvironment
instanceKlass com/sun/tools/javac/util/ForwardingDiagnosticFormatter$ForwardingConfiguration
instanceKlass com/sun/tools/javac/code/Types$DefaultSymbolVisitor
instanceKlass com/sun/tools/javac/util/ForwardingDiagnosticFormatter
instanceKlass com/sun/tools/javac/api/MultiTaskListener
instanceKlass com/sun/tools/javac/comp/TransTypes$1
instanceKlass com/sun/tools/javac/jvm/Pool
instanceKlass com/sun/tools/javac/comp/Lower$TreeBuilder
instanceKlass com/sun/tools/javac/jvm/Gen$GenFinalizer
instanceKlass com/sun/tools/javac/jvm/Items$Item
instanceKlass com/sun/tools/javac/parser/JavaTokenizer
instanceKlass com/sun/tools/javac/parser/ScannerFactory
instanceKlass com/sun/tools/javac/parser/Tokens$Token
instanceKlass com/sun/tools/javac/parser/Tokens
instanceKlass com/sun/tools/javac/tree/DocTreeMaker
instanceKlass com/sun/tools/javac/parser/Lexer
instanceKlass com/sun/tools/javac/parser/ParserFactory
instanceKlass com/sun/tools/javac/jvm/JNIWriter
instanceKlass com/sun/tools/javac/code/Types$SignatureGenerator
instanceKlass com/sun/tools/javac/jvm/ClassWriter$AttributeWriter
instanceKlass com/sun/tools/javac/util/ByteBuffer
instanceKlass com/sun/tools/javac/jvm/ClassFile
instanceKlass com/sun/tools/javac/jvm/ClassReader$AttributeReader
instanceKlass com/sun/tools/javac/util/MandatoryWarningHandler
instanceKlass com/sun/tools/javac/tree/TreeInfo
instanceKlass com/sun/tools/javac/comp/DeferredAttr$4
instanceKlass com/sun/tools/javac/comp/DeferredAttr$3
instanceKlass com/sun/tools/javac/comp/DeferredAttr$2
instanceKlass com/sun/tools/javac/comp/DeferredAttr$DeferredAttrContext
instanceKlass com/sun/tools/javac/comp/DeferredAttr$DeferredStuckPolicy
instanceKlass com/sun/tools/javac/comp/DeferredAttr$DeferredTypeCompleter
instanceKlass com/sun/tools/javac/comp/Infer$GraphStrategy
instanceKlass com/sun/tools/javac/comp/Infer$InferenceContext
instanceKlass javax/lang/model/element/TypeParameterElement
instanceKlass com/sun/tools/javac/comp/Infer
instanceKlass com/sun/tools/javac/code/DeferredLintHandler$1
instanceKlass com/sun/tools/javac/code/DeferredLintHandler
instanceKlass com/sun/tools/javac/code/TypeAnnotations
instanceKlass com/sun/tools/javac/comp/TypeEnvs
instanceKlass com/sun/tools/javac/comp/ConstFold
instanceKlass javax/lang/model/element/AnnotationMirror
instanceKlass com/sun/tools/javac/comp/Annotate
instanceKlass com/sun/tools/javac/tree/TreeMaker$AnnotationBuilder
instanceKlass com/sun/tools/javac/tree/TreeMaker
instanceKlass com/sun/tools/javac/tree/JCTree$Factory
instanceKlass com/sun/tools/javac/comp/Env
instanceKlass com/sun/tools/javac/comp/Flow
instanceKlass com/sun/source/util/SimpleTreeVisitor
instanceKlass com/sun/tools/javac/comp/Attr$14
instanceKlass javax/lang/model/type/UnionType
instanceKlass com/sun/tools/javac/comp/Check$NestedCheckContext
instanceKlass com/sun/source/tree/AnnotatedTypeTree
instanceKlass com/sun/source/tree/TypeParameterTree
instanceKlass com/sun/source/tree/SynchronizedTree
instanceKlass com/sun/source/tree/ErroneousTree
instanceKlass com/sun/source/tree/ModifiersTree
instanceKlass com/sun/source/tree/LiteralTree
instanceKlass com/sun/source/tree/TypeCastTree
instanceKlass com/sun/source/tree/BinaryTree
instanceKlass com/sun/source/tree/UnaryTree
instanceKlass com/sun/source/tree/NewArrayTree
instanceKlass com/sun/source/tree/AssertTree
instanceKlass com/sun/source/tree/ThrowTree
instanceKlass com/sun/source/tree/ReturnTree
instanceKlass com/sun/source/tree/ContinueTree
instanceKlass com/sun/source/tree/BreakTree
instanceKlass com/sun/source/tree/IfTree
instanceKlass com/sun/source/tree/CatchTree
instanceKlass com/sun/source/tree/TryTree
instanceKlass com/sun/source/tree/CaseTree
instanceKlass com/sun/source/tree/BlockTree
instanceKlass com/sun/source/tree/ImportTree
instanceKlass com/sun/source/tree/IntersectionTypeTree
instanceKlass com/sun/source/tree/SwitchTree
instanceKlass com/sun/source/tree/WhileLoopTree
instanceKlass com/sun/source/tree/ForLoopTree
instanceKlass com/sun/source/tree/UnionTypeTree
instanceKlass com/sun/source/tree/ParameterizedTypeTree
instanceKlass com/sun/source/tree/ArrayTypeTree
instanceKlass com/sun/source/tree/PrimitiveTypeTree
instanceKlass com/sun/source/tree/MemberReferenceTree
instanceKlass com/sun/source/tree/ArrayAccessTree
instanceKlass com/sun/source/tree/InstanceOfTree
instanceKlass com/sun/source/tree/CompoundAssignmentTree
instanceKlass com/sun/source/tree/AssignmentTree
instanceKlass com/sun/source/tree/ParenthesizedTree
instanceKlass com/sun/source/tree/LambdaExpressionTree
instanceKlass com/sun/source/tree/MethodInvocationTree
instanceKlass com/sun/source/tree/ExpressionStatementTree
instanceKlass com/sun/source/tree/ConditionalExpressionTree
instanceKlass com/sun/source/tree/LabeledStatementTree
instanceKlass com/sun/source/tree/EnhancedForLoopTree
instanceKlass com/sun/source/tree/DoWhileLoopTree
instanceKlass com/sun/source/tree/EmptyStatementTree
instanceKlass com/sun/source/tree/VariableTree
instanceKlass com/sun/source/tree/WildcardTree
instanceKlass com/sun/tools/javac/api/Formattable$LocalizedString
instanceKlass com/sun/tools/javac/api/Formattable
instanceKlass com/sun/tools/javac/comp/Resolve$7
instanceKlass com/sun/tools/javac/comp/Resolve$6
instanceKlass com/sun/tools/javac/comp/Attr$ResultInfo
instanceKlass com/sun/tools/javac/comp/Resolve$AbstractMethodCheck
instanceKlass com/sun/tools/javac/comp/Resolve$2
instanceKlass com/sun/tools/javac/comp/Resolve$LookupHelper
instanceKlass com/sun/tools/javac/comp/Resolve$LogResolveHelper
instanceKlass com/sun/tools/javac/comp/Resolve$MethodCheck
instanceKlass com/sun/tools/javac/comp/Resolve
instanceKlass com/sun/tools/javac/comp/Check$6
instanceKlass com/sun/tools/javac/comp/Check$1
instanceKlass com/sun/source/tree/AnnotationTree
instanceKlass com/sun/tools/javac/tree/JCTree$Visitor
instanceKlass com/sun/tools/javac/util/Warner
instanceKlass com/sun/tools/javac/code/DeferredLintHandler$LintLogger
instanceKlass com/sun/source/tree/MethodTree
instanceKlass com/sun/source/tree/NewClassTree
instanceKlass com/sun/tools/javac/comp/Infer$FreeTypeListener
instanceKlass com/sun/tools/javac/comp/Check$CheckContext
instanceKlass com/sun/tools/javac/comp/Check
instanceKlass com/sun/tools/javac/code/Types$ImplementationCache
instanceKlass com/sun/tools/javac/code/Types$3
instanceKlass com/sun/tools/javac/util/JCDiagnostic
instanceKlass com/sun/tools/javac/code/Types$DescriptorCache$FunctionDescriptor
instanceKlass com/sun/tools/javac/code/Types$DescriptorCache
instanceKlass com/sun/tools/javac/code/Scope$ScopeListener
instanceKlass javax/lang/model/type/IntersectionType
instanceKlass com/sun/tools/javac/code/Type$Mapping
instanceKlass com/sun/tools/javac/code/Types$DefaultTypeVisitor
instanceKlass com/sun/tools/javac/code/Types
instanceKlass com/sun/tools/javac/code/Symtab$2
instanceKlass com/sun/tools/javac/code/Symtab$1
instanceKlass com/sun/tools/javac/code/Symbol$MethodSymbol$2
instanceKlass com/sun/tools/javac/code/Scope$2
instanceKlass com/sun/tools/javac/code/Scope$Entry
instanceKlass com/sun/tools/javac/util/Filter
instanceKlass com/sun/tools/javac/util/Assert
instanceKlass java/lang/annotation/Repeatable
instanceKlass javax/lang/model/type/NullType
instanceKlass com/sun/tools/javac/code/Symtab
instanceKlass com/sun/tools/javac/jvm/ClassReader$1
instanceKlass com/sun/tools/javac/code/Attribute
instanceKlass javax/lang/model/element/AnnotationValue
instanceKlass javax/lang/model/type/ExecutableType
instanceKlass com/sun/tools/javac/code/Scope
instanceKlass com/sun/tools/javac/comp/Annotate$Worker
instanceKlass javax/lang/model/type/NoType
instanceKlass com/sun/tools/javac/code/Symbol$Completer
instanceKlass com/sun/tools/javac/jvm/ClassReader
instanceKlass com/sun/tools/javac/util/Convert
instanceKlass com/sun/tools/javac/util/Name
instanceKlass javax/lang/model/element/Name
instanceKlass com/sun/tools/javac/util/Name$Table
instanceKlass com/sun/tools/javac/util/Names
instanceKlass com/sun/tools/javac/main/JavaCompiler$1
instanceKlass com/sun/source/tree/ClassTree
instanceKlass com/sun/source/tree/StatementTree
instanceKlass com/sun/source/tree/MemberSelectTree
instanceKlass com/sun/source/tree/IdentifierTree
instanceKlass javax/lang/model/element/PackageElement
instanceKlass javax/lang/model/element/TypeElement
instanceKlass javax/lang/model/element/QualifiedNameable
instanceKlass com/sun/source/tree/CompilationUnitTree
instanceKlass com/sun/tools/javac/jvm/ClassReader$SourceCompleter
instanceKlass com/sun/tools/javac/main/JavaCompiler
instanceKlass com/sun/tools/javac/file/CacheFSInfo$1
instanceKlass com/sun/tools/javac/main/CommandLine
instanceKlass org/gradle/api/internal/tasks/compile/processing/IncrementalProcessingStrategy
instanceKlass org/gradle/api/internal/tasks/compile/processing/DelegatingProcessor
instanceKlass org/gradle/api/internal/tasks/compile/AnnotationProcessingCompileTask$1
instanceKlass org/gradle/api/internal/tasks/compile/incremental/processing/AnnotationProcessorResult
instanceKlass javax/annotation/processing/AbstractProcessor
instanceKlass org/gradle/api/internal/tasks/compile/filter/AnnotationProcessorFilter
instanceKlass org/gradle/api/internal/tasks/compile/ResourceCleaningCompilationTask
instanceKlass javax/annotation/processing/Processor
instanceKlass org/gradle/api/internal/tasks/compile/AnnotationProcessingCompileTask
instanceKlass com/sun/tools/javac/parser/Parser
instanceKlass com/sun/tools/javac/api/JavacTaskImpl$Filter
instanceKlass javax/lang/model/util/Types
instanceKlass javax/lang/model/util/Elements
instanceKlass javax/annotation/processing/ProcessingEnvironment
instanceKlass com/sun/tools/javac/main/Main
instanceKlass com/sun/source/util/TreeScanner
instanceKlass com/sun/source/tree/TreeVisitor
instanceKlass com/sun/tools/doclint/DocLint
instanceKlass com/sun/source/util/Plugin
instanceKlass com/sun/tools/javac/api/ClientCodeWrapper$WrappedJavaFileManager
instanceKlass com/sun/tools/javac/api/ClientCodeWrapper$Trusted
instanceKlass com/sun/source/util/TaskListener
instanceKlass com/sun/tools/javac/api/ClientCodeWrapper
instanceKlass javax/tools/ForwardingJavaFileManager
instanceKlass com/sun/tools/javac/file/BaseFileObject
instanceKlass com/sun/tools/javac/file/ZipFileIndexCache
instanceKlass com/sun/tools/javac/file/FSInfo
instanceKlass com/sun/tools/javac/code/Lint$AugmentVisitor
instanceKlass com/sun/tools/javac/code/Attribute$Visitor
instanceKlass java/util/concurrent/ConcurrentHashMap$MapEntry
instanceKlass com/sun/tools/javac/util/Log$1
instanceKlass javax/tools/DiagnosticListener
instanceKlass com/sun/tools/javac/util/JCDiagnostic$Factory$1
instanceKlass com/sun/tools/javac/util/Options
instanceKlass javax/lang/model/element/ExecutableElement
instanceKlass javax/lang/model/element/Parameterizable
instanceKlass javax/lang/model/type/PrimitiveType
instanceKlass javax/lang/model/type/WildcardType
instanceKlass javax/lang/model/element/VariableElement
instanceKlass javax/lang/model/type/TypeVariable
instanceKlass javax/lang/model/type/ErrorType
instanceKlass javax/lang/model/type/DeclaredType
instanceKlass javax/lang/model/type/ArrayType
instanceKlass javax/lang/model/type/ReferenceType
instanceKlass javax/lang/model/type/TypeMirror
instanceKlass com/sun/tools/javac/code/AnnoConstruct
instanceKlass javax/lang/model/element/Element
instanceKlass javax/lang/model/AnnotatedConstruct
instanceKlass com/sun/tools/javac/util/AbstractDiagnosticFormatter$SimpleConfiguration
instanceKlass com/sun/source/tree/ExpressionTree
instanceKlass com/sun/tools/javac/tree/JCTree
instanceKlass com/sun/source/tree/Tree
instanceKlass com/sun/tools/javac/api/DiagnosticFormatter$Configuration
instanceKlass com/sun/tools/javac/code/Printer
instanceKlass com/sun/tools/javac/code/Symbol$Visitor
instanceKlass com/sun/tools/javac/code/Type$Visitor
instanceKlass com/sun/tools/javac/util/AbstractDiagnosticFormatter
instanceKlass java/util/ResourceBundle$Control$1
instanceKlass com/sun/tools/javac/util/List$3
instanceKlass com/sun/tools/javac/util/List$2
instanceKlass com/sun/tools/javac/util/JavacMessages
instanceKlass com/sun/tools/javac/api/Messages
instanceKlass com/sun/tools/javac/util/JCDiagnostic$Factory
instanceKlass com/sun/tools/javac/file/Locations$LocationHandler
instanceKlass com/sun/tools/javac/file/Locations
instanceKlass com/sun/tools/javac/util/BaseFileManager$ByteBufferCache
instanceKlass com/sun/tools/javac/code/Lint
instanceKlass com/sun/tools/javac/file/JavacFileManager$Archive
instanceKlass com/sun/tools/javac/file/RelativePath
instanceKlass javax/tools/JavaFileObject
instanceKlass javax/tools/FileObject
instanceKlass com/sun/tools/javac/util/BaseFileManager
instanceKlass com/sun/tools/javac/util/Context$Factory
instanceKlass javax/tools/Diagnostic
instanceKlass com/sun/tools/javac/api/DiagnosticFormatter
instanceKlass com/sun/tools/javac/util/Log$DiagnosticHandler
instanceKlass com/sun/tools/javac/util/JCDiagnostic$DiagnosticPosition
instanceKlass com/sun/tools/javac/util/AbstractLog
instanceKlass com/sun/tools/javac/util/Context$Key
instanceKlass com/sun/tools/javac/util/Context
instanceKlass com/sun/tools/javac/main/OptionHelper
instanceKlass com/sun/source/util/JavacTask
instanceKlass javax/tools/StandardJavaFileManager
instanceKlass javax/tools/JavaFileManager
instanceKlass com/sun/tools/javac/api/JavacTool
instanceKlass org/gradle/api/internal/tasks/compile/JdkTools
instanceKlass org/gradle/api/internal/tasks/compile/JavaCompilerArgumentsBuilder
instanceKlass org/gradle/api/internal/tasks/compile/incremental/processing/AnnotationProcessingResult
instanceKlass org/gradle/api/internal/tasks/compile/NormalizingJavaCompiler$1
instanceKlass org/gradle/cache/internal/DefaultFileContentCacheFactory$DefaultFileContentCache$$Lambda$533
instanceKlass org/gradle/api/internal/tasks/compile/processing/AnnotationProcessorDeclaration
instanceKlass org/gradle/cache/internal/InMemoryDecoratedCache$2
instanceKlass org/gradle/cache/internal/DefaultFileContentCacheFactory$DefaultFileContentCache$$Lambda$532
instanceKlass org/gradle/internal/vfs/impl/DefaultVirtualFileSystem$$Lambda$531
instanceKlass org/gradle/internal/vfs/impl/DefaultVirtualFileSystem$$Lambda$530
instanceKlass org/gradle/cache/internal/DefaultFileContentCacheFactory$DefaultFileContentCache$$Lambda$529
instanceKlass org/gradle/cache/internal/DefaultFileContentCacheFactory$DefaultFileContentCache$$Lambda$528
instanceKlass javax/tools/JavaFileManager$Location
instanceKlass org/gradle/language/base/internal/tasks/StaleOutputCleaner$$Lambda$527
instanceKlass java/util/HashMap$HashMapSpliterator
instanceKlass org/gradle/internal/execution/impl/OutputsCleaner$1
instanceKlass org/gradle/language/base/internal/tasks/StaleOutputCleaner$$Lambda$526
instanceKlass org/gradle/language/base/internal/tasks/StaleOutputCleaner$$Lambda$525
instanceKlass org/gradle/internal/execution/impl/OutputsCleaner
instanceKlass org/gradle/language/base/internal/tasks/StaleOutputCleaner$$Lambda$524
instanceKlass org/gradle/language/base/internal/tasks/StaleOutputCleaner
instanceKlass it/unimi/dsi/fastutil/ints/IntIterators$EmptyIterator
instanceKlass it/unimi/dsi/fastutil/ints/IntList
instanceKlass it/unimi/dsi/fastutil/ints/IntListIterator
instanceKlass it/unimi/dsi/fastutil/ints/IntIterators
instanceKlass org/gradle/api/internal/tasks/compile/incremental/asm/ClassRelevancyFilter
instanceKlass org/gradle/api/internal/tasks/compile/incremental/deps/ClassAnalysis
instanceKlass org/gradle/api/internal/tasks/compile/incremental/analyzer/CachingClassDependenciesAnalyzer$1
instanceKlass org/gradle/api/internal/tasks/compile/incremental/classpath/DefaultClasspathEntrySnapshotter$EntryVisitor
instanceKlass org/gradle/api/internal/tasks/compile/incremental/deps/ClassDependentsAccumulator
instanceKlass it/unimi/dsi/fastutil/ints/IntBidirectionalIterator
instanceKlass it/unimi/dsi/fastutil/objects/ObjectBidirectionalIterator
instanceKlass it/unimi/dsi/fastutil/BidirectionalIterator
instanceKlass it/unimi/dsi/fastutil/objects/ObjectIterator
instanceKlass it/unimi/dsi/fastutil/ints/IntSets
instanceKlass org/gradle/internal/execution/history/changes/DefaultFileChange$1
instanceKlass org/gradle/internal/execution/history/changes/CollectingChangeVisitor
instanceKlass org/gradle/api/internal/tasks/compile/incremental/recomp/SourceFileChangeProcessor
instanceKlass org/gradle/api/internal/tasks/compile/incremental/recomp/AbstractRecompilationSpecProvider$1
instanceKlass org/gradle/internal/util/Alignment
instanceKlass org/gradle/api/internal/tasks/compile/incremental/recomp/ClasspathChangeDependentsFinder
instanceKlass org/gradle/api/internal/tasks/compile/incremental/classpath/ClasspathSnapshot
instanceKlass org/gradle/api/internal/tasks/compile/incremental/deps/ClassSetAnalysis
instanceKlass org/gradle/api/internal/tasks/compile/incremental/deps/ClassSetAnalysisData
instanceKlass java/lang/StrictMath
instanceKlass it/unimi/dsi/fastutil/HashCommon
instanceKlass it/unimi/dsi/fastutil/ints/IntIterator
instanceKlass java/util/PrimitiveIterator$OfInt
instanceKlass java/util/PrimitiveIterator
instanceKlass it/unimi/dsi/fastutil/Hash
instanceKlass org/gradle/internal/serialize/IntSetSerializer
instanceKlass org/gradle/api/internal/tasks/compile/incremental/deps/DependentsSet
instanceKlass org/gradle/api/internal/tasks/compile/incremental/classpath/DefaultClasspathEntrySnapshotCache$$Lambda$523
instanceKlass org/gradle/api/internal/tasks/compile/incremental/classpath/DefaultClasspathEntrySnapshotCache$$Lambda$522
instanceKlass org/gradle/api/internal/tasks/compile/incremental/classpath/ClasspathEntrySnapshotData
instanceKlass org/gradle/api/internal/tasks/compile/incremental/classpath/DefaultClasspathEntrySnapshotCache$$Lambda$521
instanceKlass org/gradle/api/internal/tasks/compile/incremental/classpath/CachingClasspathEntrySnapshotter$$Lambda$519
instanceKlass org/gradle/api/internal/tasks/compile/incremental/classpath/CachingClasspathEntrySnapshotter$$Lambda$520
instanceKlass org/gradle/api/internal/tasks/compile/incremental/classpath/ClasspathEntrySnapshot
instanceKlass org/gradle/api/internal/tasks/compile/incremental/classpath/ClasspathSnapshotFactory$CreateSnapshot
instanceKlass org/gradle/api/internal/tasks/compile/incremental/classpath/ClasspathSnapshotFactory$1
instanceKlass org/gradle/api/internal/tasks/compile/incremental/recomp/ClasspathEntryChangeProcessor
instanceKlass org/gradle/api/internal/tasks/compile/incremental/recomp/RecompilationSpec
instanceKlass org/gradle/api/internal/tasks/compile/incremental/recomp/CurrentCompilation
instanceKlass org/gradle/api/internal/tasks/compile/CompileJavaBuildOperationReportingCompiler$2
instanceKlass org/gradle/api/internal/tasks/compile/CompileJavaBuildOperationReportingCompiler$1
instanceKlass org/gradle/api/internal/tasks/compile/CompileJavaBuildOperationType$Details
instanceKlass org/gradle/api/internal/tasks/compile/CompileJavaBuildOperationReportingCompiler
instanceKlass org/gradle/api/internal/tasks/compile/incremental/IncrementalResultStoringCompiler
instanceKlass org/gradle/api/internal/tasks/compile/incremental/SelectiveCompiler
instanceKlass it/unimi/dsi/fastutil/ints/IntSet
instanceKlass it/unimi/dsi/fastutil/ints/IntCollection
instanceKlass it/unimi/dsi/fastutil/ints/IntIterable
instanceKlass org/gradle/api/internal/tasks/compile/incremental/recomp/PreviousCompilation
instanceKlass org/gradle/api/internal/tasks/compile/incremental/recomp/PreviousCompilationData
instanceKlass org/gradle/api/internal/tasks/compile/incremental/processing/AnnotationProcessingData
instanceKlass org/gradle/api/internal/tasks/compile/incremental/classpath/ClasspathSnapshotData
instanceKlass org/gradle/api/internal/tasks/compile/incremental/IncrementalCompilerDecorator
instanceKlass org/gradle/api/internal/tasks/compile/incremental/recomp/PreviousCompilationOutputAnalyzer
instanceKlass org/gradle/api/internal/tasks/compile/incremental/classpath/ClasspathSnapshotFactory
instanceKlass org/gradle/api/internal/tasks/compile/incremental/classpath/ClasspathSnapshotMaker
instanceKlass org/gradle/api/internal/tasks/compile/incremental/classpath/ClasspathSnapshotProvider
instanceKlass org/gradle/api/internal/tasks/compile/incremental/classpath/DefaultClasspathEntrySnapshotter
instanceKlass org/gradle/api/internal/tasks/compile/incremental/classpath/CachingClasspathEntrySnapshotter
instanceKlass org/gradle/api/internal/tasks/compile/incremental/analyzer/DefaultClassDependenciesAnalyzer
instanceKlass org/gradle/api/internal/tasks/compile/incremental/analyzer/CachingClassDependenciesAnalyzer
instanceKlass org/gradle/api/internal/tasks/compile/incremental/IncrementalCompilerFactory$$Lambda$518
instanceKlass org/gradle/api/internal/tasks/compile/incremental/IncrementalCompilerFactory$1
instanceKlass org/gradle/api/internal/tasks/compile/incremental/recomp/PreviousCompilationStore
instanceKlass org/gradle/cache/internal/Stash
instanceKlass org/gradle/cache/internal/Loader
instanceKlass org/gradle/api/tasks/compile/JavaCompile$$Lambda$517
instanceKlass org/gradle/api/internal/tasks/compile/incremental/recomp/AbstractRecompilationSpecProvider
instanceKlass org/gradle/language/base/internal/compile/CompilerUtil
instanceKlass org/gradle/api/internal/tasks/compile/NormalizingJavaCompiler
instanceKlass org/gradle/api/internal/tasks/compile/AnnotationProcessorDiscoveringCompiler
instanceKlass javax/tools/JavaCompiler$CompilationTask
instanceKlass org/gradle/api/internal/tasks/compile/JdkJavaCompiler
instanceKlass org/gradle/api/internal/tasks/AbstractJavaToolChain$JavaToolProvider
instanceKlass org/gradle/api/internal/tasks/compile/incremental/classpath/ClasspathEntrySnapshotter
instanceKlass org/gradle/api/internal/tasks/compile/incremental/analyzer/ClassDependenciesAnalyzer
instanceKlass org/gradle/api/internal/tasks/compile/incremental/cache/TaskScopedCompileCaches
instanceKlass org/gradle/api/internal/tasks/compile/incremental/classpath/SplitClasspathEntrySnapshotCache
instanceKlass org/gradle/api/internal/tasks/compile/incremental/analyzer/ClassAnalysisCache
instanceKlass org/gradle/cache/internal/MinimalPersistentCache
instanceKlass org/gradle/api/internal/tasks/compile/incremental/classpath/DefaultClasspathEntrySnapshotCache
instanceKlass org/gradle/api/internal/tasks/compile/incremental/classpath/ClasspathEntrySnapshotCache
instanceKlass org/gradle/api/internal/tasks/compile/incremental/recomp/CompilationSourceDirs$SourceRoots
instanceKlass org/gradle/api/internal/tasks/compile/incremental/recomp/CompilationSourceDirs
instanceKlass org/gradle/internal/Transformers$ToStringTransformer
instanceKlass org/gradle/api/internal/tasks/compile/MinimalJavaCompileOptions
instanceKlass org/gradle/api/internal/tasks/compile/ForkingJavaCompileSpec
instanceKlass org/gradle/api/internal/tasks/compile/CommandLineJavaCompileSpec
instanceKlass org/gradle/api/internal/tasks/compile/AbstractJavaCompileSpecFactory
instanceKlass com/google/gson/internal/$Gson$Types$WildcardTypeImpl
instanceKlass org/gradle/api/internal/tasks/execution/ExecuteTaskActionBuildOperationType$2
instanceKlass org/gradle/api/internal/tasks/execution/ExecuteTaskActionBuildOperationType$1
instanceKlass org/gradle/api/internal/tasks/execution/ExecuteTaskActionBuildOperationType$Result
instanceKlass org/gradle/api/internal/tasks/execution/ExecuteTaskActionBuildOperationType$Details
instanceKlass org/gradle/api/internal/tasks/execution/ExecuteTaskActionBuildOperationType
instanceKlass org/gradle/api/internal/tasks/execution/ExecuteActionsTaskExecuter$3
instanceKlass org/gradle/internal/logging/compatbridge/LoggingManagerInternalCompatibilityBridge
instanceKlass org/gradle/api/internal/tasks/execution/ExecuteActionsTaskExecuter$TaskExecution$$Lambda$516
instanceKlass org/gradle/api/internal/tasks/execution/ExecuteActionsTaskExecuter$TaskExecution$$Lambda$515
instanceKlass org/gradle/internal/execution/steps/ExecuteStep$$Lambda$514
instanceKlass org/gradle/internal/execution/steps/ResolveInputChangesStep$1$$Lambda$513
instanceKlass org/gradle/internal/execution/steps/ResolveInputChangesStep$1
instanceKlass org/gradle/internal/execution/InputChangesContext
instanceKlass org/gradle/internal/execution/history/changes/IncrementalInputChanges
instanceKlass org/gradle/internal/execution/steps/CancelExecutionStep$$Lambda$512
instanceKlass java/lang/invoke/LambdaForm$DMH
instanceKlass org/gradle/internal/execution/steps/CreateOutputsStep$1
instanceKlass org/gradle/internal/execution/steps/CreateOutputsStep$$Lambda$511
instanceKlass org/gradle/internal/execution/UnitOfWork$OutputPropertyVisitor
instanceKlass org/gradle/internal/execution/steps/BroadcastChangingOutputsStep$$Lambda$510
instanceKlass org/gradle/api/internal/tasks/execution/ExecuteActionsTaskExecuter$4
instanceKlass org/gradle/internal/execution/history/changes/NormalizedPathFingerprintCompareStrategy$$Lambda$509
instanceKlass org/gradle/internal/execution/history/changes/DefaultFileChange
instanceKlass org/gradle/api/tasks/incremental/InputFileDetails
instanceKlass org/gradle/work/FileChange
instanceKlass org/gradle/internal/execution/history/changes/NormalizedPathFingerprintCompareStrategy$$Lambda$508
instanceKlass org/gradle/internal/execution/history/changes/NormalizedPathFingerprintCompareStrategy$$Lambda$507
instanceKlass com/google/common/collect/AbstractMapBasedMultimap$Itr
instanceKlass java/util/stream/StreamSpliterators$WrappingSpliterator$$Lambda$506
instanceKlass java/util/stream/StreamSpliterators$WrappingSpliterator$$Lambda$505
instanceKlass java/util/stream/AbstractSpinedBuffer
instanceKlass java/util/Spliterators$1Adapter
instanceKlass java/util/stream/StreamSpliterators$AbstractWrappingSpliterator
instanceKlass java/util/stream/AbstractPipeline$$Lambda$504
instanceKlass java/util/Map$Entry$$Lambda$503
instanceKlass com/google/common/collect/MultimapBuilder$ArrayListSupplier
instanceKlass org/gradle/internal/execution/history/changes/FilePathWithType
instanceKlass com/google/common/collect/MultimapBuilder$MultimapBuilderWithKeys
instanceKlass com/google/common/collect/MultimapBuilder
instanceKlass org/gradle/internal/execution/history/changes/DefaultIncrementalInputProperties$$Lambda$502
instanceKlass org/gradle/internal/execution/history/changes/DefaultIncrementalInputProperties$$Lambda$501
instanceKlass com/google/common/collect/ForwardingObject
instanceKlass org/gradle/internal/execution/history/changes/DefaultIncrementalInputProperties$$Lambda$500
instanceKlass com/google/common/base/Predicates$CompositionPredicate
instanceKlass org/gradle/internal/execution/history/changes/DefaultIncrementalInputProperties$$Lambda$499
instanceKlass org/gradle/internal/execution/history/changes/DefaultIncrementalInputProperties
instanceKlass org/gradle/internal/execution/steps/ResolveChangesStep$$Lambda$498
instanceKlass java/lang/invoke/LambdaForm$DMH
instanceKlass org/gradle/internal/fingerprint/impl/PatternSetSnapshottingFilter$LogicalFileTreeElement
instanceKlass org/gradle/internal/snapshot/impl/FileSystemSnapshotFilter$FilteringVisitor
instanceKlass org/gradle/internal/snapshot/impl/FileSystemSnapshotFilter
instanceKlass org/gradle/internal/fingerprint/impl/PatternSetSnapshottingFilter$$Lambda$497
instanceKlass org/gradle/internal/snapshot/SnapshottingFilter$FileSystemSnapshotPredicate
instanceKlass org/gradle/internal/vfs/impl/DefaultVirtualFileSystem$$Lambda$496
instanceKlass org/gradle/internal/fingerprint/impl/PatternSetSnapshottingFilter$PathBackedFileTreeElement
instanceKlass org/gradle/internal/fingerprint/impl/PatternSetSnapshottingFilter$$Lambda$495
instanceKlass org/gradle/internal/snapshot/SnapshottingFilter$DirectoryWalkerPredicate
instanceKlass java/lang/invoke/LambdaForm$DMH
instanceKlass org/gradle/internal/vfs/impl/DefaultVirtualFileSystem$$Lambda$494
instanceKlass org/gradle/internal/vfs/impl/DefaultVirtualFileSystem$$Lambda$493
instanceKlass org/gradle/internal/vfs/impl/DefaultVirtualFileSystem$$Lambda$492
instanceKlass org/gradle/internal/vfs/impl/DefaultVirtualFileSystem$$Lambda$491
instanceKlass org/gradle/internal/vfs/impl/DefaultVirtualFileSystem$$Lambda$490
instanceKlass org/gradle/internal/vfs/impl/DefaultVirtualFileSystem$$Lambda$489
instanceKlass org/gradle/internal/fingerprint/impl/DefaultFileCollectionSnapshotter$SnapshottingVisitor$$Lambda$488
instanceKlass org/gradle/internal/fingerprint/impl/PatternSetSnapshottingFilter
instanceKlass org/gradle/api/internal/file/collections/AbstractSingletonFileTree
instanceKlass org/gradle/api/internal/file/collections/FileSystemMirroringFileTree
instanceKlass org/gradle/api/internal/file/collections/SingletonFileTree
instanceKlass org/gradle/api/internal/file/collections/GeneratedFiles
instanceKlass com/google/common/base/ExtraObjectsMethodsForWeb
instanceKlass org/gradle/api/tasks/util/internal/CachingPatternSpecFactory$CachingSpec$1
instanceKlass org/gradle/internal/fingerprint/impl/IgnoredPathFingerprintingStrategy$1
instanceKlass com/android/build/gradle/tasks/ProcessApplicationManifest$$Lambda$487
instanceKlass com/android/build/gradle/internal/scope/ApkData$$Lambda$486
instanceKlass org/gradle/internal/vfs/impl/DefaultVirtualFileSystem$$Lambda$485
instanceKlass org/gradle/api/internal/file/AbstractFileTreeElement
instanceKlass org/gradle/api/internal/file/collections/DefaultDirectoryWalker$PathVisitor
instanceKlass org/gradle/api/file/ReproducibleFileVisitor
instanceKlass org/gradle/api/internal/file/pattern/AnythingMatcher
instanceKlass org/gradle/api/internal/file/pattern/FixedPatternStep
instanceKlass org/gradle/api/internal/file/pattern/HasPrefixPatternStep
instanceKlass org/gradle/api/internal/file/pattern/HasPrefixAndSuffixPatternStep
instanceKlass org/gradle/api/internal/file/pattern/GreedyPathMatcher
instanceKlass org/gradle/api/tasks/util/internal/CachingPatternSpecFactory$CachingSpec
instanceKlass org/gradle/api/internal/file/RelativePathSpec
instanceKlass org/gradle/api/internal/file/pattern/HasSuffixPatternStep
instanceKlass org/gradle/api/internal/file/pattern/AnyWildcardPatternStep
instanceKlass org/gradle/api/internal/file/pattern/PatternStep
instanceKlass org/gradle/api/internal/file/pattern/PatternStepFactory
instanceKlass org/gradle/api/internal/file/pattern/FixedStepPathMatcher
instanceKlass org/gradle/api/internal/file/pattern/EndOfPathMatcher
instanceKlass org/gradle/api/internal/file/pattern/PatternMatcher
instanceKlass org/gradle/api/internal/file/pattern/PathMatcher
instanceKlass org/gradle/api/internal/file/pattern/PatternMatcherFactory
instanceKlass org/gradle/api/tasks/util/internal/CachingPatternSpecFactory$1
instanceKlass org/gradle/api/tasks/util/internal/CachingPatternSpecFactory$SpecKey
instanceKlass org/gradle/api/file/RelativePath
instanceKlass org/gradle/api/file/EmptyFileVisitor
instanceKlass org/gradle/api/internal/file/collections/ReproducibleDirectoryWalker
instanceKlass org/gradle/internal/nativeintegration/services/FileSystems
instanceKlass org/gradle/api/internal/file/collections/DefaultDirectoryWalker
instanceKlass org/gradle/api/internal/file/collections/DirectoryWalker
instanceKlass org/gradle/internal/fingerprint/impl/RelativePathFingerprintingStrategy$1
instanceKlass com/android/build/gradle/tasks/MergeResources$$Lambda$484
instanceKlass com/android/build/gradle/internal/dependency/AarResourcesCompilerTransform$Parameters$Inject
instanceKlass org/gradle/api/internal/artifacts/transform/TransformationOperation
instanceKlass org/gradle/api/internal/artifacts/transform/TransformingAsyncArtifactListener$$Lambda$483
instanceKlass org/gradle/api/internal/artifacts/transform/TransformingAsyncArtifactListener$$Lambda$482
instanceKlass java/lang/invoke/LambdaForm$DMH
instanceKlass org/gradle/api/internal/artifacts/transform/CacheableInvocation$1$$Lambda$481
instanceKlass org/gradle/api/internal/artifacts/PreResolvedResolvableArtifact
instanceKlass org/gradle/api/internal/artifacts/transform/TransformingArtifactVisitor$$Lambda$480
instanceKlass org/gradle/api/internal/artifacts/transform/TransformingArtifactVisitor$$Lambda$479
instanceKlass org/gradle/api/internal/artifacts/transform/TransformingArtifactVisitor
instanceKlass org/gradle/api/internal/artifacts/transform/TransformCompletion
instanceKlass org/gradle/api/internal/artifacts/transform/PrecomputedTransformationResult
instanceKlass org/gradle/api/internal/artifacts/transform/TransformationResult
instanceKlass org/gradle/api/internal/artifacts/transform/TransformingAsyncArtifactListener
instanceKlass org/gradle/api/internal/tasks/execution/ExecuteActionsTaskExecuter$TaskExecution$$Lambda$478
instanceKlass org/gradle/api/internal/tasks/execution/ExecuteActionsTaskExecuter$TaskExecution$$Lambda$477
instanceKlass org/gradle/internal/fingerprint/overlap/impl/DefaultOverlappingOutputDetector$OverlappingOutputsDetectingVisitor
instanceKlass org/gradle/api/internal/provider/Collectors$ElementsFromCollection
instanceKlass com/android/manifmerger/PlaceholderHandler
instanceKlass sun/net/DefaultProgressMeteringPolicy
instanceKlass sun/net/ProgressMeteringPolicy
instanceKlass sun/net/ProgressMonitor
instanceKlass com/sun/org/apache/xerces/internal/util/URI
instanceKlass org/gradle/api/internal/tasks/DefaultTaskValidationContext
instanceKlass java/util/IdentityHashMap$IdentityHashMapIterator
instanceKlass org/gradle/cache/internal/DefaultMultiProcessSafePersistentIndexedCache$3
instanceKlass org/gradle/api/internal/tasks/execution/statistics/TaskExecutionStatisticsEventAdapter$1
instanceKlass org/gradle/api/internal/tasks/execution/ExecuteActionsTaskExecuter$2$$Lambda$476
instanceKlass org/gradle/api/internal/tasks/execution/ExecuteActionsTaskExecuter$2$$Lambda$475
instanceKlass org/gradle/api/internal/tasks/execution/ExecuteActionsTaskExecuter$2
instanceKlass org/gradle/api/internal/tasks/TaskExecutionOutcome$1
instanceKlass org/gradle/api/internal/tasks/execution/ExecuteActionsTaskExecuter$$Lambda$474
instanceKlass org/gradle/api/internal/tasks/execution/ExecuteActionsTaskExecuter$$Lambda$473
instanceKlass org/gradle/api/internal/tasks/execution/ExecuteActionsTaskExecuter$TaskExecution$$Lambda$472
instanceKlass org/gradle/internal/operations/ExecutingBuildOperation
instanceKlass org/gradle/internal/execution/steps/SkipEmptyWorkStep$1
instanceKlass org/gradle/cache/internal/AsyncCacheAccessDecoratedCache$3
instanceKlass org/gradle/internal/execution/steps/SkipEmptyWorkStep$$Lambda$471
instanceKlass org/gradle/api/internal/tasks/execution/ExecuteActionsTaskExecuter$1
instanceKlass org/gradle/api/internal/tasks/TaskValidationContext
instanceKlass org/gradle/api/internal/tasks/execution/ExecuteActionsTaskExecuter$TaskExecution
instanceKlass org/gradle/api/internal/tasks/properties/DefaultTaskProperties$$Lambda$470
instanceKlass org/gradle/api/internal/tasks/properties/GetInputPropertiesVisitor$$Lambda$469
instanceKlass org/gradle/api/internal/tasks/properties/InputPropertySpec
instanceKlass org/gradle/api/internal/tasks/properties/AbstractValidatingProperty
instanceKlass org/gradle/api/internal/tasks/properties/ValidatingProperty
instanceKlass org/gradle/api/internal/tasks/properties/LifecycleAwareValue
instanceKlass org/gradle/api/internal/tasks/properties/InputFilePropertySpec
instanceKlass org/gradle/api/internal/tasks/properties/CompositePropertyVisitor
instanceKlass org/gradle/api/internal/tasks/properties/DefaultTaskProperties
instanceKlass org/gradle/api/internal/tasks/properties/TaskProperties
instanceKlass com/android/build/gradle/internal/attribution/AttributionBuildListener$beforeExecute$1$1
instanceKlass org/gradle/api/internal/tasks/properties/GetOutputFilesVisitor$$Lambda$468
instanceKlass org/gradle/api/internal/tasks/properties/AbstractPropertySpec
instanceKlass org/gradle/api/internal/tasks/properties/CacheableOutputFilePropertySpec
instanceKlass org/gradle/execution/plan/LocalTaskNode$1$$Lambda$467
instanceKlass org/gradle/api/internal/tasks/properties/OutputFilePropertySpec
instanceKlass org/gradle/api/internal/tasks/properties/FilePropertySpec
instanceKlass org/gradle/api/internal/tasks/properties/PropertySpec
instanceKlass java/lang/invoke/LambdaForm$MH
instanceKlass org/gradle/execution/plan/LocalTaskNode$1$$Lambda$466
instanceKlass org/gradle/tooling/internal/provider/runner/OperationDependenciesResolver$$Lambda$465
instanceKlass org/gradle/tooling/internal/provider/runner/OperationDependenciesResolver$$Lambda$464
instanceKlass java/time/Instant$1
instanceKlass com/android/tools/build/gradle/internal/profile/GradleTaskExecutionType$1
instanceKlass com/google/common/base/Ascii
instanceKlass com/google/protobuf/GeneratedMessageV3$1
instanceKlass com/google/protobuf/GeneratedMessageV3$Builder$BuilderParentImpl
instanceKlass com/google/protobuf/SingleFieldBuilderV3
instanceKlass org/gradle/api/internal/tasks/execution/ExecuteTaskBuildOperationResult
instanceKlass org/gradle/api/internal/tasks/execution/ExecuteTaskBuildOperationType$Result
instanceKlass org/gradle/api/internal/tasks/TaskExecuterResult$1
instanceKlass java/time/zone/ZoneOffsetTransition
instanceKlass java/time/zone/Ser
instanceKlass java/time/zone/ZoneRulesProvider$1
instanceKlass java/time/zone/ZoneRulesProvider
instanceKlass java/time/Clock
instanceKlass com/android/build/gradle/internal/profile/TaskProfilingRecord$Companion
instanceKlass com/android/build/gradle/internal/profile/TaskProfilingRecord
instanceKlass org/gradle/tooling/internal/provider/runner/OperationDependenciesResolver$$Lambda$463
instanceKlass org/gradle/tooling/internal/provider/runner/OperationDependenciesResolver$$Lambda$462
instanceKlass org/gradle/tooling/internal/provider/runner/OperationDependenciesResolver$$Lambda$461
instanceKlass java/util/TreeMap$TreeMapSpliterator
instanceKlass org/gradle/tooling/internal/provider/runner/ClientForwardingTaskOperationListener$$Lambda$460
instanceKlass org/gradle/internal/build/event/types/DefaultTaskDescriptor
instanceKlass org/gradle/tooling/internal/protocol/events/InternalTaskWithExtraInfoDescriptor
instanceKlass org/gradle/tooling/internal/protocol/events/InternalTaskDescriptor
instanceKlass org/gradle/api/internal/tasks/execution/EventFiringTaskExecuter$1
instanceKlass org/gradle/api/internal/tasks/execution/EventFiringTaskExecuter
instanceKlass org/gradle/api/internal/tasks/execution/CatchExceptionTaskExecuter
instanceKlass org/gradle/api/internal/tasks/execution/SkipOnlyIfTaskExecuter
instanceKlass org/gradle/api/internal/tasks/execution/SkipTaskWithNoActionsExecuter
instanceKlass org/gradle/api/internal/tasks/execution/ResolveTaskExecutionModeExecuter
instanceKlass org/gradle/api/internal/tasks/execution/FinalizePropertiesTaskExecuter
instanceKlass org/gradle/api/internal/tasks/execution/CleanupStaleOutputsExecuter
instanceKlass org/gradle/api/internal/tasks/TaskExecuterResult
instanceKlass org/gradle/api/internal/tasks/execution/ExecuteActionsTaskExecuter
instanceKlass org/gradle/api/internal/tasks/execution/DefaultTaskSnapshotter
instanceKlass org/gradle/api/internal/changedetection/changes/DefaultTaskExecutionModeResolver
instanceKlass org/gradle/api/internal/tasks/execution/DefaultTaskCacheabilityResolver
instanceKlass org/gradle/internal/file/DefaultReservedFileSystemLocationRegistry$1
instanceKlass org/gradle/internal/file/DefaultReservedFileSystemLocationRegistry
instanceKlass org/gradle/api/internal/tasks/execution/DefaultEmptySourceTaskSkipper
instanceKlass org/gradle/internal/work/DefaultAsyncWorkTracker
instanceKlass org/gradle/api/internal/tasks/execution/DefaultTaskExecutionContext
instanceKlass com/android/build/gradle/internal/dependency/AarTransform$Parameters$Inject
instanceKlass com/android/build/gradle/internal/dependency/GenericTransformParameters$Inject
instanceKlass org/gradle/internal/snapshot/CompleteDirectorySnapshot$$Lambda$459
instanceKlass org/gradle/internal/snapshot/CompleteDirectorySnapshot$$Lambda$458
instanceKlass com/android/build/gradle/internal/dependency/AarToClassTransform$Params$Inject
instanceKlass org/gradle/api/internal/artifacts/transform/TransformationNode$ChainedTransformationNode$1$$Lambda$457
instanceKlass org/gradle/api/internal/artifacts/transform/TransformationNode$ChainedTransformationNode$1$$Lambda$456
instanceKlass org/gradle/api/internal/artifacts/transform/TransformationNode$ChainedTransformationNode$1$$Lambda$455
instanceKlass org/gradle/execution/plan/DefaultExecutionPlan$$Lambda$454
instanceKlass org/gradle/execution/plan/DefaultExecutionPlan$$Lambda$453
instanceKlass org/gradle/execution/plan/DefaultPlanExecutor$ExecutorWorker$$Lambda$452
instanceKlass org/gradle/internal/logging/events/StyledTextOutputEvent$Span
instanceKlass org/gradle/internal/logging/events/operations/StyledTextBuildOperationProgressDetails$Span
instanceKlass org/gradle/api/internal/artifacts/transform/TransformationNode$ArtifactTransformationStepBuildOperation$$Lambda$451
instanceKlass org/gradle/api/internal/artifacts/transform/ExecuteScheduledTransformationStepBuildOperationType$1
instanceKlass org/gradle/api/internal/artifacts/transform/ExecuteScheduledTransformationStepBuildOperationType$Result
instanceKlass org/gradle/api/internal/artifacts/transform/ExecuteScheduledTransformationStepBuildOperationType
instanceKlass org/gradle/api/internal/artifacts/transform/DefaultTransformerInvocationFactory$2$$Lambda$450
instanceKlass sun/nio/fs/WindowsChannelFactory$Flags
instanceKlass sun/nio/fs/WindowsChannelFactory$1
instanceKlass sun/nio/fs/WindowsChannelFactory
instanceKlass sun/nio/fs/WindowsSecurityDescriptor
instanceKlass org/gradle/internal/Try$Success$1
instanceKlass org/gradle/api/internal/artifacts/transform/DefaultTransformerInvocationFactory$2$$Lambda$449
instanceKlass org/gradle/internal/execution/steps/ResolveCachingStateStep$2
instanceKlass org/gradle/internal/execution/steps/SkipUpToDateStep$$Lambda$448
instanceKlass org/gradle/internal/execution/steps/SkipUpToDateStep$1
instanceKlass org/gradle/internal/execution/steps/SkipUpToDateStep$$Lambda$447
instanceKlass org/gradle/internal/execution/steps/ResolveChangesStep$1
instanceKlass org/gradle/internal/execution/IncrementalChangesContext
instanceKlass org/gradle/internal/execution/steps/ResolveChangesStep$$Lambda$446
instanceKlass org/gradle/internal/execution/history/changes/InputChangesInternal
instanceKlass org/gradle/internal/execution/history/changes/DefaultExecutionStateChangeDetector$AbstractDetectedExecutionStateChanges
instanceKlass org/gradle/internal/execution/history/changes/CachingChangeContainer$CachingVisitor
instanceKlass org/gradle/internal/execution/history/changes/DefaultExecutionStateChangeDetector$InputFileChangesWrapper
instanceKlass org/gradle/internal/execution/history/changes/CachingChangeContainer
instanceKlass org/gradle/internal/execution/history/changes/InputFileChanges$1
instanceKlass org/gradle/internal/execution/history/changes/AbstractFingerprintChanges$1
instanceKlass org/gradle/internal/execution/history/changes/SortedMapDiffUtil
instanceKlass org/gradle/internal/execution/history/changes/PropertyChanges$1
instanceKlass org/gradle/internal/execution/history/changes/SummarizingChangeContainer$ChangeDetectingVisitor
instanceKlass org/gradle/internal/execution/history/changes/DefaultExecutionStateChangeDetector$MessageCollectingChangeVisitor
instanceKlass org/gradle/internal/execution/history/changes/ErrorHandlingChangeContainer
instanceKlass org/gradle/internal/execution/history/changes/SummarizingChangeContainer
instanceKlass org/gradle/internal/execution/history/changes/IgnoredPathCompareStrategy$1
instanceKlass org/gradle/internal/execution/history/changes/AbstractFingerprintCompareStrategy
instanceKlass org/gradle/internal/execution/history/changes/FingerprintCompareStrategy
instanceKlass org/gradle/internal/execution/history/changes/AbstractFingerprintChanges
instanceKlass org/gradle/internal/execution/history/changes/InputValueChanges
instanceKlass org/gradle/internal/execution/history/changes/PropertyDiffListener
instanceKlass org/gradle/internal/execution/history/changes/PropertyChanges
instanceKlass org/gradle/internal/execution/history/changes/ImplementationChanges
instanceKlass org/gradle/internal/execution/history/changes/DescriptiveChange
instanceKlass org/gradle/internal/execution/history/changes/Change
instanceKlass org/gradle/internal/execution/history/changes/PreviousSuccessChanges
instanceKlass org/gradle/internal/execution/history/changes/IncrementalInputProperties$2
instanceKlass org/gradle/internal/execution/history/changes/IncrementalInputProperties$1
instanceKlass org/gradle/internal/execution/steps/ResolveChangesStep$2
instanceKlass org/gradle/internal/execution/steps/ResolveChangesStep$$Lambda$445
instanceKlass org/gradle/internal/execution/steps/ResolveChangesStep$$Lambda$444
instanceKlass org/gradle/internal/execution/steps/ResolveChangesStep$$Lambda$443
instanceKlass org/gradle/internal/execution/steps/ResolveChangesStep$$Lambda$442
instanceKlass org/gradle/internal/execution/steps/ResolveCachingStateStep$1
